390358594
199588001
584120410
856059724
293182493
63722679
318546359
229652677
711954172
813769400
540439325
666276876
181186767
43723586
629610336
130157960
476403361
742177331
356632917
142739746
782239549
433341771
734458033
221956349
197352832
531982416
876067776
297433091
738703837
425643745
244333560
20388108
465959477
563086121
731499607
719867054
601763690
890760815
777055741
460850941
544758017
711796808
993121655
793262376
43867148
265377521
386921488
89479648
508637788
967649107
656850064
909416295
727477987
204322638
889910071
40253839
434972627
372294717
765868967
884715197
814998603
189910127
114234912
282614608
919330688
170790694
66847597
455501232
290641223
451121250
349346544
366749986
818975088
781031388
17299356
763871945
496735136
989691800
873918115
504008271
766102239
663573598
225893396
280255039
588636422
984601543
507694187
615888991
505095340
148906569
449112645
54014576
698222536
952030830
964476003
337255925
170137114
718753389
744539570
897541616
743488125
565362601
238276644
716269728
609775185
712758649
76699665
717175978
93889672
517722090
208982667
71280074
688750626
892452507
233582437
920919205
356855653
71557762
814785311
807485248
687005359
332456980
59473323
550114999
181945844
130583821
624067359
338756726
951717174
609522435
537354744
813075682
362066992
787137234
887645143
775976441
401442340
263290001
435851466
776054813
900042693
697779125
336113359
148354318
351769914
682312676
981891463
654799177
667188154
400785205
478913209
689975983
406673831
55206923
971417362
653351238
20091283
490979962
952117614
118608821
245329731
991520019
422733332
960525413
239036013
753375501
518036758
454061255
694450325
585416686
28208968
808545703
34937127
47393442
241337365
262488672
327090328
284651262
231289125
124566715
638903404
940736830
273234876
886675729
558037535
78341963
610188450
282079636
186122263
360846552
307131891
137772100
990181423
546384933
982446831
517741776
109558419
765733953
575299994
45003100
581747461
227692442
314655811
801526418
919244644
178714517
485804718
542924952
91467073
686585307
126603673
55813299
243426004
443081772
151710376
35685411
701106432
500652518
900126952
583456642
402232496
606676989
702270682
470578643
854404536
94210513
394756483
761567946
758748827
805913276
162984395
847856626
563312757
771346757
195875177
106798850
434768540
736024461
256899477
649365985
36278045
726719609
771884739
842212499
340400094
48036083
932171376
309695877
202844427
787701764
759331813
177709623
509009769
566962836
316266011
498254736
563180502
115677973
467897582
940322500
206823081
940012912
835766617
145037477
673625124
777785795
587475749
782236323
263011617
272976478
938422308
56844064
72197634
199937175
876914495
660405477
381895074
184226403
488158923
66243608
397826741
207388666
857418675
240719221
78392107
811871691
451013182
979210614
228437108
51968100
312402252
394343533
657483209
954696554
582489938
464428496
321158567
671189068
544312762
200603825
446773339
359938984
948276850
783410382
440738624
305988849
541904620
324671793
739299175
509629956
302372738
399789755
581413306
800333618
306109312
873191524
672234434
896437351
426193183
267855655
893440249
658449480
207623343
549954761
622829883
751409486
373651302
33355941
775277181
263904559
751483289
71688468
599411482
840895138
418566597
738067163
403817233
576176677
202275096
559482400
430004157
749388670
347506178
797625017
952419253
480492257
992681895
415349939
142168696
507682098
784652240
247571099
131023867
563177960
942326963
770497440
570545110
241246671
177463641
539030303
196407909
720761086
84166797
751989659
432501588
550070082
753935863
40163474
253930191
939854310
559421861
433533377
284315786
854332253
840002838
992847474
282845251
873901652
948017162
247287720
235780649
144533958
407139643
68862434
605438430
821445398
281276015
945249901
197554882
496477917
756785973
167129277
226200589
57184184
400938604
496449761
629256325
115625097
489607001
760864256
130887311
106691921
715456240
247265277
420218768
337642207
278086132
686651851
145952967
792999193
510347355
13131609
761023076
162378023
683410320
545830730
14405666
823400748
763410171
445102453
373491727
614219679
666021104
198083082
978786043
403065389
816916270
728129875
868007580
578200963
736966029
167184698
482875852
101459652
736485047
365080311
478265065
578025238
787502972
21544695
154868545
577182178
143537222
887097179
393025806
825001912
745979571
804345840
255843645
243158161
78778704
497395696
333697460
108357238
290643211
591170239
492195574
877134079
620209571
989443274
15187968
888202323
481751488
426042500
295943965
773101265
582335662
940774638
200576784
706088269
108490669
95987536
661832418
354600264
682339011
406170350
882036256
484614631
425538221
101617485
686072219
133665615
891638309
242714058
815545627
618769617
758119381
617376489
187694899
343478785
164411521
326410922
548501155
638475426
86924358
993212163
376344384
269946089
933286687
538535841
642414457
944074325
825470664
570976578
960680923
262682975
547118250
721833597
361839106
904940071
98437427
16141443
702134334
27050756
206804908
969017131
560676868
546115005
647631598
401235341
477951336
908794103
174620605
442476342
997370761
136703332
766632287
991165478
712589800
86760745
418677723
119927154
509626730
284523254
160699099
787733237
192175638
816874273
385115380
923886097
54633638
852433103
548773022
201295890
742161805
311050977
537512990
795074666
742915582
440441735
80891959
180201118
936626642
671486014
947381255
971016225
979089782
40788033
60175367
759002543
245145693
258673016
594833225
221431259
197071743
689587205
104741158
555625140
579971010
543451883
420263112
675910546
751133140
753625052
498519534
575237434
329963020
663301342
233744142
637251074
959857010
361227799
895860171
877386093
223057233
677996907
632006802
948965082
665936654
432748263
293189676
241506563
269022394
840772931
953346918
384450367
389310011
442395513
439989291
788548361
215503672
75278416
975278042
460627514
448142067
701380757
226782278
570588180
376178230
302753488
215105768
538283182
342186068
389736636
746161416
311364397
599154705
928939585
172631672
913329605
793707882
500758298
230994911
644679514
151596180
378197739
206415642
870298534
138939638
873409817
457882604
920655979
503153781
906960663
812312352
88916330
215466260
145088890
383525070
690102915
489916777
965038887
764464230
707654539
791017372
941333813
425305193
94175387
255510651
514620093
726259144
870002559
366106871
667209507
349752099
355109598
436279362
94717512
535229431
833088708
742394693
345734233
219381393
267841002
462352291
139419872
287923486
860049685
938928560
880259627
987908677
821390781
854326690
100590305
822290325
919135100
656107966
425322424
88489714
712269049
196856436
368865279
217611360
184599060
57947451
107548398
869727275
714533891
889806408
80847893
254295968
217463678
58604068
809391534
626374588
63772896
732190577
128667225
515555662
653677366
192263377
855469833
449327633
64894716
37255401
597319323
383838398
711849365
691099042
757581919
931388445
380774629
513529273
827215902
547318600
930342210
977125620
855822819
281708875
681140132
985191200
929494434
855350023
167604995
143541958
525762777
878828808
943268482
927168723
56653292
136941790
971450979
284600075
399451170
325373341
666829705
884294795
518547815
720422910
501570045
353914504
261664153
93047192
207307076
429698656
878958466
78250047
867680785
147582714
511740971
624966896
273712699
646282842
809774978
477880034
281137824
400478693
583545750
620143956
422201586
293481044
474202227
958587106
482400312
574123156
625444867
236697907
194181584
447293238
226362499
968689336
365282866
179331047
749820612
448777756
384963249
847252352
625480830
478918778
795161236
696228982
848933138
869364020
51149116
762239923
294211761
524551956
18480043
179873638
551404461
639553450
918439447
352585043
279878084
192266732
540877231
677251519
389469548
917508389
26111874
656268802
770868956
68499769
813921356
551633445
274435617
857262232
260280005
316354988
771058718
777710162
744251705
82209014
494571862
349302994
522703905
285512422
785489967
423505195
114088832
315461581
210919182
786343011
286333827
662214454
832015381
180554469
430737174
510022260
205099846
409037231
576604250
549179741
629596317
251599354
411354390
810365723
581523478
896425838
713607230
806067338
526627698
248269416
872370904
451243238
251718716
451011888
674938089
987675712
680630067
850687754
608384899
675958866
422688687
689994934
895356525
992651713
827830636
572760077
907425583
763966453
520366197
114230250
566639721
474795167
68327893
321012286
708580585
64060716
736231443
11091575
569154588
361351927
142070083
97395410
554083293
263532712
156184913
932583956
547739780
438080832
233532558
447788769
854324118
703531692
967397765
684306146
614318618
227973222
917435177
982984595
192222643
358748700
27952213
620437897
533954547
735062008
875252912
418807254
480040187
936120738
154221317
153463409
300793052
525157650
827808162
128279345
661473010
219320821
416836851
920487758
401626659
373832197
611291712
684416978
36627248
882651772
882952017
73318454
449019893
577124781
256240290
432912216
790227407
381963628
249996975
978248995
157617343
497061408
495076631
729277131
530555259
76225214
125185180
607376011
410401143
418280279
760932708
522978482
920547068
398890372
312600544
393741766
641532334
411580476
843641771
545025520
805181804
451640757
525414816
980032649
107262911
397505421
426573876
442985219
993947007
960770506
520768240
897805356
99585296
599317190
824875434
115381526
864142825
436576262
806207046
403780002
540477807
181419006
188024512
186594029
15777171
436184821
439843474
85112394
105418564
626700262
711544394
669006442
540044804
291273207
13866879
707127138
395469476
361534139
693828784
313223673
514089067
217688318
342199327
804640449
630331109
998529285
812056174
619224088
514061600
685479232
161510697
949760031
638108260
