838171079
406694486
453801116
630656482
977962741
786788715
207626208
864359196
228530287
689802304
626852255
459887660
716754539
749605034
275103165
470823091
619000352
693385737
976222275
578603242
219661694
287710142
308440302
567782847
740073263
69148314
349595134
598030729
72553050
394528448
121715671
218681045
87730706
824822397
445099417
46358015
860189186
491594932
261274846
412691316
224404140
174289525
647402783
688851808
330130341
727697870
83716292
252633535
722828584
884463557
138341739
687926336
524913201
757221688
855575560
949946821
124384340
432200588
755314632
114997229
920734565
350727861
131264761
338580765
343305942
145100146
564013716
97789714
966355641
37570531
817057188
384725936
877833048
450921978
690345038
387303892
908504348
742157543
151168674
59396525
765934043
129529489
940960025
743372099
878317873
939489746
44714499
465782911
642384411
111640604
296917337
108673763
34655828
749508351
258574428
622477033
152461551
351039165
818945192
317951637
894463773
644806988
372276461
847712215
849901215
843216425
956282754
639042947
566246208
535946954
579589384
950577806
694224252
722308698
327905462
419683794
413284224
444989458
963568496
949509823
957705156
41326122
184238687
697640639
534526108
61751276
876801361
944242041
925315856
155787050
75537040
379933870
188183418
108645026
403750197
984170571
961353452
190511015
981931854
662016370
743862204
215116756
641499063
281599753
239651998
512466617
138081748
322124986
802453278
564329730
577196337
892326994
162256672
446058091
596188389
823140480
729365151
936993384
691380288
950426043
630730680
156574662
908053296
426335216
170539455
315933330
618316720
785039203
963167437
868448620
135452636
225645502
749798242
230040797
810183019
267264520
256563521
315741055
358853901
141179864
331109805
989454180
832982120
493504675
122315358
89382428
58635652
621592265
443402885
270769341
53045510
243838623
789888324
454640123
573628117
738258249
728173349
359246620
90832875
436627471
102416515
435127066
159019854
443761403
564738085
684801177
941872982
194127173
20538684
577072484
452918876
278058680
271637060
325287814
630761901
770951092
152854961
844027353
300937830
682559890
440354599
421384521
852761742
865295004
318855096
920284328
627687593
890453467
703167574
356059440
852772185
750221561
673410517
290930366
849064154
296717392
965557451
54429894
393515373
560402278
576103439
598945027
648688557
716848543
580994589
928516350
80496688
613869865
930269618
295576060
56260460
354172231
558114470
386182109
502036489
856499793
240496529
39419053
74323219
980090499
57704012
885050027
931412328
982592486
954380190
86665273
121749386
659649564
203526559
641240335
531579332
249541599
782550038
685706698
317340532
772601677
904181003
68429878
715641547
980008290
137578667
528447612
886108188
730748110
655131275
742954469
826030327
580883129
27194825
809174642
45980690
75368840
403202898
180574260
515651431
80859077
838828748
555568403
41531173
741254035
127122867
407381394
832316805
564520617
770437836
624479331
17965001
84800788
500557093
19290162
27619944
303663738
847204848
668769833
323197347
168403835
874533956
94610846
528639646
634117233
246303680
215312564
272406247
638582008
866170033
591209470
534806083
805579646
722490306
973684338
35604073
317950713
15767981
507956177
18531305
10815049
90495177
577187628
353317571
389798130
982054601
296310621
182336911
83580029
385510892
870957747
824226857
921758757
891094393
659657406
521747877
552314532
52133499
250615697
755397918
467486636
406920480
578972055
654197609
328266849
978691828
869075547
617847441
538398738
477628206
69197772
523083910
495002395
319269814
659604448
727050908
846217418
234665940
591369427
518095273
126004997
404432223
941008899
683423629
749834425
930486955
393041900
154437676
720570132
841099181
80964489
459877845
606555747
393367740
79053586
186111616
715910029
73381926
669805324
829999747
697692633
648094388
277799706
259036806
262027717
615089124
130658181
483067481
353116275
109792928
557691412
346724120
936462095
201796557
530494384
93138456
18032709
818025812
364645612
951968462
967451144
785466226
864229990
379662504
921223231
434433799
812243759
14517486
497684596
910903137
950076655
584255831
363409818
451538869
379254816
815477472
685934853
916054727
22596951
528883557
687069346
595535175
149081786
246587957
973537037
179051896
295799567
788074295
688170417
30324840
387750822
827912555
639696864
479367797
890698437
866717421
899852551
179394587
183435057
677485853
194928372
384313028
18500842
873931649
59703901
885259701
271859502
499640367
424431266
984821986
89579486
45510881
471063806
179262747
231115822
313188931
75902056
870334010
651063788
261791772
767292037
28995920
845457406
596459797
269323846
131102187
304992962
970494017
152064028
636002449
964167095
575330754
897919736
971316170
545867667
560703899
430916887
674069067
323771635
896336775
118390751
794532709
638939675
51116509
993857667
99585756
74756293
117006136
706807731
814577477
618016702
40205921
479501481
323223808
440559731
211791044
774736329
439872935
133205796
287030206
783010219
971026135
34634044
372297759
487462243
490975947
344312541
712047805
580631583
707743230
870313640
429914722
764290699
589009185
464881120
470182198
335184840
873419805
981258434
319046926
456897101
257385030
772428637
37140224
344724040
604998115
360898004
92597835
955374843
377588092
332697383
519303199
987663022
533094858
66435978
732699310
433954160
489752365
380236608
561889236
820881537
247057360
341503128
538662297
280103948
357188882
990205120
107649767
912917086
812316951
956937741
333756078
978421784
853549484
488206426
171456065
277999370
276467140
817162264
617281494
959719256
327903992
858423136
650475936
929448039
617543813
126736660
133490018
871206336
903255821
654674244
922407804
72824741
617908147
903026353
985614787
626754311
987417038
537109111
417745472
872576048
231236351
530659534
283704326
515831684
253754766
822482345
381365879
129843982
404333706
927922696
453564724
62294536
911467463
848650532
442341651
917205224
138434252
665076316
843896995
289129509
280437264
909745358
119046944
542152066
447910334
370581866
309153109
551624284
560982832
47023624
351132417
462800387
363525240
653053132
938276393
677665433
269573556
275274323
980648946
434062551
11615996
484087967
763305374
293858067
143572894
77166032
183427200
636432785
245528404
915934760
29492931
882423992
156545980
738939540
396767168
768521828
850564620
891065600
161981991
837530286
757682428
756498985
688285574
37603054
536263425
766279752
894897576
388624762
650465511
573622741
436401438
777725671
943762536
838058294
408707598
992199176
833285291
86405897
169820074
367762005
192731727
717251927
452848166
458415245
707284878
823059849
596325050
648697508
735075595
880042201
437403429
336131206
423845522
547745178
961554080
186231232
265793850
167429032
702644138
368844373
355757682
783178891
140098327
940670794
228054185
599403612
576516765
61533715
238254437
861838389
140710992
372340074
775824680
318164464
662626509
202598662
206549317
590170943
100855819
224748023
532804122
241388898
38951710
572147051
71784184
81721413
550992986
764991021
685336059
130123991
654232100
34558058
326517669
912755140
539296260
43144877
423541060
812899373
27330451
187734316
525489430
105664603
918442013
988368547
762069383
435358053
704341546
888513921
624747537
240157910
834617284
219533586
334476060
188036936
669695394
561534302
976121342
269326078
319120213
226672602
915134974
328791754
370863131
342972394
48224395
330293558
67960540
25065650
688457873
47580725
847076763
268520929
970352696
216666399
464390923
229897660
955216551
248831168
995403208
907012423
617954330
159375033
475913131
78627056
651854516
973180084
848704843
207286342
454149230
773371540
757087190
614034100
935825996
274800641
982299052
78665370
87373131
576011782
308502211
168062430
626402199
502624076
789642019
178091505
336172339
197762499
493518444
137744868
505042840
171421716
287783072
230320323
82659150
512962804
644666375
870126521
332680479
856895674
115210558
177273036
995361129
358492410
435888018
830570944
110127938
345904458
360140111
890698238
222286604
579949807
109942880
752890334
62769338
170517179
941219146
283823795
363492065
979016620
768113448
573663345
606519559
33753297
817411046
935547279
858870209
809308243
283817304
223565388
524592047
909718623
884944827
468910065
867481848
408373565
789565888
468805229
642471491
794313604
249085014
320693221
245671535
773486082
18624040
726881593
104872005
113802159
965909013
31934436
989468820
22476248
662884862
442883607
773265862
247913522
339286617
85047274
497513059
288344830
731614948
96695736
285270590
86560713
360056853
737504617
943084156
609056014
712912827
465867740
912653409
482427407
718971521
361559587
149600972
450371086
61098394
676793491
361100720
353121805
55290334
383517152
610848076
57748971
231082686
424645433
917810232
112672586
113043991
64503068
969186888
685566000
104265118
100389524
790164945
63230211
412305147
394481288
839359028
41173154
614273905
816188283
108593720
845694467
413141612
894168052
388280721
848987994
935676140
635495807
35021643
916684691
699772980
792297122
253858119
241930806
722976542
570471741
420749699
527677006
587733782
147139741
368181616
901559195
600858058
973146565
493858518
396122657
855508202
509003546
194248282
817462105
938766314
177870770
446958397
867994020
731209487
441603524
53657964
976866638
43931191
729216611
807191017
170631917
82801737
874630661
564335262
508497112
957998943
308186539
362046998
59872049
301008061
898498890
892292286
856406298
918170078
492392095
749056978
316016421
449223551
300854870
107662519
956084218
102997867
124538620
475784236
272871899
315415553
91963876
290751432
863859429
686229348
33662360
224525073
478751134
148995248
184565149
794168790
575838362
484546900
860677447
826534991
348059200
643230664
815309242
90644286
144088309
41453217
269507493
923677608
637384258
131447478
984536756
382025582
911347905
48410643
124157446
115051572
931748553
978470945
595085429
367866963
704614716
948847328
178764422
417824483
319799980
299459901
849816897
227886385
412487215
612712611
104045057
735672149
589494889
921048221
255915248
701914620
669998398
513709893
261107137
357620820
468533908
924767697
698194358
963258716
354713519
872285841
461532581
476639968
790442864
77520504
207495942
340059633
955654144
739936380
182261144
379769718
282512527
192418448
677825920
583162212
50731843
120268267
524332674
94009700
143843469
722400031
704194505
923037276
957911257
969537458
654836093
720606666
695841716
693121717
880022955
403001006
70443077
21050280
71281215
272234478
404207129
544979555
512284173
360856977
694457735
445881789
481380790
543597921
250754985
383216080
581831082
31990254
395059717
44340134
723449215
176088314
555539525
450836282
340167328
964176929
103686285
301982451
90837082
397538567
972253416
345422196
711987809
341028380
89935501
436504579
695997582
625000482
25712705
118226609
664738962
662944247
57949432
717820172
105326548
797646768
460501344
373954345
639877788
211676103
273038028
668249549
237600547
980580633
189294848
870535078
487179476
920714571
305181993
687768853
738992188
193391655
15335326
86873854
919316502
571385543
56731345
718213846
991359675
718810109
866898177
224907092
683187051
479454189
230638017
130300407
266076137
547297555
514275489
859131629
539721327
886500300
527919295
892896069
42951717
779751867
79301589
328571893
515838802
348931639
52121948
783949051
42317285
596587330
82191994
775598657
971713338
821909945
505123606
234464368
641305282
433665974
563190587
949585069
160755189
790932585
237181880
100624211
59656368
81121736
533504124
113408354
482596036
88172128
298524820
898563422
560231110
854768250
883619236
710309350
736382257
407907642
554459574
847912180
852466952
80060683
780956955
869527027
700149853
596068984
111470077
773773505
124486016
77777851
348444033
37323864
29283821
435838141
394563558
922995097
436881131
704814351
675651793
827191801
409551026
963672841
264862725
868189679
950815830
252602944
866386824
930443833
497058363
495841454
342487046
290006684
715105423
790721861
550169103
33210318
325014870
130302990
513943505
778405830
753863445
820043913
236249854
15429268
916489196
173991572
839966788
789398595
201758001
746832072
104067207
443960551
163911998
124054403
494529561
397835851
901812178
973436818
423482835
220242424
856177416
566020320
87141225
45898262
807152130
861897590
348149333
358797123
237837998
40099158
806897638
281711910
632462668
830837382
527566223
308075209
513112865
14499465
875569131
814992989
128880456
807648025
696916778
355005159
96960701
334504403
71652528
484183534
925578410
345905161
421752519
435366029
107967576
776818387
530604449
62640021
268468124
786735661
302055547
231603875
243755835
532174961
135506969
435896220
861015857
846428035
164228539
345591297
361700964
118766324
977703691
146889463
25026424
112992735
964276754
489378761
622134911
381099081
973469079
455643469
337414721
913566941
573909858
791354798
635215151
109582131
586035852
657198793
939367724
260526816
950066746
143894239
610751283
668621199
993207524
287037249
323340989
905721575
519388934
794947372
415120115
166489577
93003083
683898562
102402112
820673153
796331363
82734051
422973566
766970510
157097075
816605073
428336633
998370820
21435120
192287126
466405133
919802963
506280324
626695070
121134945
509189252
479460256
785883871
878122079
62335391
582148329
756906558
33989016
528916062
332962196
379267330
218573135
54962899
989731830
117225858
992793139
665658842
963440396
981809453
764038082
107815350
784865952
319533778
413425931
998619724
261291829
217846658
419830184
250964536
318478393
948681728
649139528
967385754
459166075
367760499
349059516
404097238
44283091
718390799
52876258
24715172
239726731
138234260
328860744
841454364
762073460
89426049
574548060
612996271
684553130
410068441
776081712
434528746
431854966
229085412
921643456
34588339
309680722
655774857
758375924
147510468
371819914
474641761
494021094
24656688
798207725
337022770
912766049
277279133
733397048
912574524
994221529
685331960
728839921
113714129
572941309
478518517
729257648
824011921
744936282
441428082
730049166
578591395
96246256
872922548
596543529
651101181
15939191
89850904
511179462
905738607
403627463
659467356
201517366
183215821
723318868
364496127
810877690
277869105
363928162
537498284
295677343
362766983
658701425
669948897
748018809
98045134
403168415
528021079
512506456
281631438
14998656
598655843
799171081
648426054
411488030
157345439
206482236
827523258
285627414
383735886
189899755
579018859
722801462
346072072
98365409
974242683
586947525
839740037
430160840
653213879
623885939
496290296
569985610
362392699
296403598
480944771
167986338
257059988
35325669
159619761
292757928
427426122
739207371
558075866
532855349
54175119
775057374
679105318
441370233
961620548
666083018
723870527
242454849
966027052
257066619
133950656
103090257
914408348
990227564
664977563
439284813
864051395
129521781
204400518
222506367
126828149
279410213
88877717
227522893
465243165
321956937
29298732
397238230
808055273
455394019
197485275
139719206
612726065
768454986
209149854
235482373
665583221
418502159
82762905
475480574
502737228
711583673
449135789
108541355
217128284
627178192
589962963
275986233
735199511
543601671
484129787
509301971
985280577
925627672
101322011
663732611
72672614
92281853
960967571
872733233
163456754
125016478
183731000
907152022
385093434
141560874
878081577
194404839
317902724
382387507
169879852
133217764
392432279
55129659
956163399
447008000
365162792
553254115
494937570
676648235
457732028
222035250
208028314
592657754
909885577
739791467
137047192
732734392
992264622
875708331
480001309
762224320
58729312
174132769
49275052
866912360
438900480
888545549
619441813
912168469
411923267
328835024
152092280
291183026
394276550
664610048
152691298
857881590
111151134
866693199
383309329
504498072
70130323
605636412
397545256
638716375
280558776
830050854
640556593
968915004
841536502
731557621
548462092
514375004
421063047
374401247
384641809
543683125
382475012
471905872
397973420
885447270
694422757
514927646
837224239
393127781
830665570
53056288
327022063
216021149
422869414
887473689
319194241
862896400
162713522
806078872
728679661
615344886
527033150
559808654
818314379
966107794
910064170
808325744
779353014
379064460
906700464
408513118
459677667
395574544
331193959
356144980
630167956
883233586
370935100
392077614
83520082
673030024
511364892
903197971
716930116
453891782
16315107
243632412
582012144
373798604
657156650
610079607
97638930
848737526
409288415
70288924
64218035
559033086
201239733
250529917
945553339
551769186
450021883
677178236
99087118
86792924
81779218
450936302
60805144
439290309
605570282
898874778
588868498
299621029
244075399
681225522
565391040
87314316
975930169
815164796
918499139
288755177
295494132
311099594
641782134
253674457
948305901
157936033
817866864
364897732
603617643
780527162
72623088
750030839
350597565
477414984
870912205
771386316
13387311
346214796
313948304
796720449
308191449
634740057
21023325
425450709
207066322
999744380
17101102
316208029
431366330
973369818
355397473
440001387
321825768
157295184
74407087
46044201
664121893
586910621
386015577
747633888
251873431
380285369
348148876
823008111
781492049
684299241
199924420
25621244
210924684
344893101
275381543
627135855
822644635
321920112
457904315
482037665
558100008
24357173
115902338
722582142
805487676
992135836
652600213
595646676
235658752
647449888
540150080
904393352
487352109
191535076
165610987
271121136
11016240
711933850
246483182
703987306
363496478
32955501
905213921
267929793
822698377
527071993
214287116
180656327
659414277
892277037
224781657
642693870
561998803
338260842
331291579
976663902
245724689
384451451
161455214
879722921
317738007
820780979
15726812
129659197
431239005
141211087
726291416
542428868
228174989
873353655
348976400
999408287
830277639
411759636
101943554
472792767
458287688
699159707
681988993
42751065
851947827
746097595
766971795
621236027
431207696
464477235
416228261
755431828
142164083
272076073
249742601
211465303
963500634
101953798
10500368
972225015
542556720
435724180
580584064
839766062
42161811
718870137
620667554
106338940
844322779
472195785
296447209
225275839
366636998
882989848
645948527
34982073
720612988
588763438
635087222
650711409
450966670
714643929
739998184
376471550
100992240
54987577
829666284
437909141
230364715
223919145
365026928
727477241
809799689
318713295
680393720
47659880
850703374
578534129
483893366
103913055
495540205
646507928
76787671
613762175
674974757
817919671
949054783
445569008
715723753
310765458
327956335
904939489
224754194
785001887
784387321
129127567
858643233
276920840
355996162
419962619
964553011
849549067
573283188
847530718
279449126
240059137
392356276
266460783
374796627
759166271
697549504
32541555
458362136
995884633
277295977
981462078
349018828
665397517
671747905
174473056
858702141
336400717
828019939
710185057
810433781
120913544
190139787
391651077
201464287
323773748
736174980
943061417
765162340
777558918
63302647
186870752
158355919
99319784
90354486
363709328
755746746
992806114
598447640
787269874
581436147
378316390
427205139
848866962
416650183
250519873
189400032
118675758
613277903
43013719
546216970
358643524
616279183
761201393
388193022
866393053
251063776
296606348
393405025
290094576
723300917
922721782
202433632
438839500
857164155
738479261
54818872
318402229
421300480
706536776
796052043
174918633
475084990
436570819
342106664
412117767
674671782
303312075
837545247
848372104
868506806
125615879
779215920
732601951
438247992
132413666
724591794
278013582
50366282
406676103
399595455
208654254
696734174
400317578
707331851
614793596
202653579
697248454
777094376
793932314
455677466
521460432
150916689
227152102
101538971
933652806
836414413
229052542
989410759
113374902
354812673
395059798
184436134
325369453
251622242
728930618
952294637
414269244
753931354
562165719
798565479
430042359
299553459
899013223
517892689
994759519
256295676
923526868
95043435
131510600
511620669
979870310
177624953
321345948
414780959
645630934
986385813
514149098
922079317
272354243
791888736
110301899
323633307
604466628
553016151
351106428
203048172
390958904
477087700
782154827
218181715
761601659
486411023
346635943
734348347
55423527
614036648
13675684
319706640
521227614
284994129
753177783
333228930
865306501
623404992
982744915
821364544
411123583
445733159
448090805
69442788
836365287
847111307
898537826
39046647
199666716
424337898
101991078
312073630
817816625
754306682
85824331
896061674
83482921
502142164
573119244
158939344
477740126
571110240
261329979
959049543
106607718
400136407
505768781
87722024
114727853
781100366
244987878
728558096
866432858
624725386
126205347
888595302
174596561
658619048
65105166
285610298
676441057
624902682
510176578
208234314
256403185
235661099
493641133
172172453
916622612
950298465
663681049
856114934
976792906
58673251
500307090
240933619
292755822
808819596
556442253
995044610
843865662
87791345
888376611
518214199
440318754
348576314
849474157
701198114
604639650
531356388
38516374
624263405
630263138
143942433
185546080
813367631
951848960
393864895
54921331
478520472
45264767
66874737
358324136
163781388
739232913
557976817
454278128
524520448
111867566
837247805
573419276
564480820
920552719
171301441
79302756
739820274
219163452
575761233
18058465
246283764
248208941
270003024
285951982
872649691
849778238
161138000
140782089
516270322
444141885
64178537
934890372
663892867
440059616
189477727
367733021
687455366
747073047
374276024
315079149
33300888
146089494
522374471
692099148
884962663
948461757
877182626
937201685
162422779
242476690
134609648
872589873
913298081
469960415
871821069
21885562
103051299
958695305
606632502
484310895
251184835
509238101
632929913
453874265
105020831
820214238
856026925
547134148
722775822
421437783
921799184
116953042
229145639
161561398
761609905
518637296
755778810
216913883
508820168
863621652
43282188
243567633
250777545
984893968
981967105
690313754
987183844
204289620
784252228
550072359
80787404
17411884
263263957
161451781
695168776
763048528
330826780
61781814
715802117
916066766
568100775
899823174
777932949
666636640
214932021
202094201
389686250
177972507
930765782
868998809
135148857
55672523
297102411
838235017
821794782
192875128
780624568
580438752
190202368
902978482
699667742
108338012
556068517
190723833
271192987
584824749
193212691
321576670
189646790
262172084
977599371
612718980
698339431
221476476
396341557
395215247
847994327
66759413
453107600
214897859
546359060
511068254
202626294
267142693
149158753
494142222
464987793
478484172
741430916
414705222
378134144
56086587
28591929
988729260
866467398
820607725
443454423
233419208
866746700
137760326
235908610
223538501
443708568
682599906
127915239
939462020
423911169
102038970
26496856
388126029
209770748
205454668
819751160
445040067
106230986
344402980
249567245
281178525
118647144
467324711
29590935
487770046
249954540
816247969
178810675
280048959
320020876
769382518
85323486
14887589
212407760
832731727
643667422
383324658
365259187
695218829
107392600
94511989
286266612
473482399
494757462
734806394
747459796
238765917
619779769
831242560
128249290
997583418
815096565
172179837
852726084
952078079
191666606
907331217
200203881
84658921
777660491
107990254
528618610
384231958
457376137
655124957
539756069
116274730
408735762
114161799
888031376
336553390
875246553
757595240
850066612
170647555
628849060
436129461
894401950
461678337
890339162
392946250
141956049
454703129
354449543
847429252
473840376
512022792
731094302
19837245
857472003
639893859
174699668
945915617
812591347
636537652
920355019
618813125
321840277
434316910
531348849
620763506
561589340
143801576
207698299
587500462
74132731
273516797
621199326
126224861
877488624
180347572
96564397
681682099
418586979
114015301
628976704
966664285
377580220
960294993
410408735
765088002
848587526
283124389
679163190
888210614
382918067
511247693
733693025
688117252
649075998
912813362
847343711
792958267
861112945
396567390
676910609
665121522
291525625
724023846
535618632
907074751
955712208
206826039
900149707
831242352
603015480
471958826
596537427
43477671
732238730
994451294
441177307
441132488
108971688
140447675
173839869
432255314
301672735
502426558
769679526
749851071
886608325
608309980
289952025
396426413
972638856
245590894
121351956
64365058
584296428
941082280
700141617
489333044
659015933
308163829
448155655
834519136
606571752
722761042
749945326
313776833
530903224
877550314
168256047
600271826
129889137
954698683
560100777
617357070
234282246
69465657
794945501
385500689
519845705
783271532
951383191
972017009
494200127
974050658
857244558
900274067
451461907
522278433
776040345
270242954
136877345
116316477
520619364
596569164
150273669
24415729
809841089
336243056
147937810
701151928
35657970
434537661
703102037
584029804
679073142
934252157
300257458
263715966
641359733
159407680
538161043
973924209
576333223
358167080
326024137
614785241
651989355
182696950
487372825
464282387
83874742
657178501
826620729
711764947
94654175
474921342
356958619
774443626
542729132
14255278
185775148
332843831
579123190
176100808
245571988
307632748
920297829
934653733
518141927
213110213
434629165
14212676
653792376
924251544
66951853
894010927
79578285
917515453
520102028
868012701
412229116
437578137
559643542
226726827
22287907
354812566
483744374
247717503
32705359
327261266
852131338
683217193
880015493
766774348
689335873
663590238
346587514
119749011
900725630
92612725
59742112
34798230
475724624
865091971
903764702
227393150
995327688
550496259
188105476
128010117
624423412
192285293
613605454
510035712
94087191
953296996
643346429
140040505
281052432
702901736
832194246
485041947
855038492
458939239
565061942
281438086
159817709
513857150
767672123
57548351
809404670
215247066
436303994
83075454
736363628
467879139
964481813
954603778
482461142
709260554
813328720
424870388
393565317
557429947
954963004
238020013
196632725
517405684
698917014
918089989
530480351
749417872
853922954
704165132
203481854
551031131
205477696
504732631
242876466
393002082
294204890
543086423
231116635
749614683
781476739
176355854
494566365
443676338
869048123
668735434
241311163
859546145
627045086
507300046
422578755
753796346
377224623
729085187
394991837
989367997
953751880
648966811
686628744
927150541
277626344
394299645
968706540
932088886
78315762
751766426
136786448
815975830
444200521
103579586
567830771
508465316
898965789
516216847
980493273
978283914
46741558
259101978
481879825
592026971
921496741
96622249
280343039
38958599
422679147
698114713
533468810
294905390
203486219
198737884
326970223
419283175
346564602
981344419
905435497
238809174
988553382
250454502
121610248
724093477
135183585
633280811
353888733
569734290
48816898
46282748
291651426
303474932
920760633
188417682
692539802
83584511
989728049
672384214
710179305
96640353
778779670
152623713
39872748
407479240
987683722
182041635
632584194
39208415
154172314
96749213
714224471
536642498
336928843
637278545
367185825
299547696
360973780
585870349
489642511
734219139
121612719
21323848
378061158
735792097
172156533
788892276
817080674
992705568
329700565
841000648
313174094
159763774
572290397
379962048
678778316
972488078
116509484
125107140
73734072
685954492
108858639
953108306
840947148
916705015
567191001
419777618
26788492
256111046
46005676
177930163
232539235
228881188
562515756
799325028
801914861
563688662
51646644
481775584
246172223
711146674
615173135
512680782
132320379
550060910
108216051
973988308
502872068
159758571
407837383
435823407
504974502
54170762
867193887
21572493
558219205
496295564
880620856
518672385
469857095
680709160
781448406
122991908
602044238
835636066
447126397
683510485
848707348
722155695
887121993
692370846
546846893
637466858
428756907
491882703
699964521
974661316
572339211
105596173
425874419
610698869
756799193
396327584
559706095
342428851
147217860
745921174
692911361
464960376
375493239
411536848
133450294
550651551
667303234
687000730
46360665
740241123
800825962
767517312
235883047
115543602
557699278
654170952
536796374
567945437
436545508
760371602
286470798
598887948
347913498
324598512
84578107
427658474
444586799
666558248
819859043
903960578
952248650
911462175
706852651
863626249
646656961
259837030
308182919
734161256
531783028
116736178
237051043
20207496
696335712
727108545
516518333
357596744
789827909
96460106
859634335
508528411
430474310
461714032
192499925
627590753
961480569
727297328
81764853
356661592
846153009
391772158
645191079
285929862
765926345
845286530
448093558
807046354
146320027
50584605
501922947
634778097
156712448
778211031
317065514
773131893
62507695
34808017
859816434
305834600
352868743
559902279
552058645
971875994
350739133
554414385
940877766
385838919
142486221
837454242
991295791
26285634
327334708
166270679
58162068
457132596
305218601
643495947
71802795
26525645
936325340
587981073
836420652
946113347
608258384
864922811
172481013
596496684
526649876
475895849
124862078
853896694
721836642
391585686
622847650
939043002
23981205
629006763
639102325
682020189
835558650
203235912
117920461
308646077
556973231
335437351
328186353
594079899
653310898
881746149
621573687
466296931
193088247
694108775
275121135
208549643
380052533
866306826
169682058
153690409
312298239
745651662
613073213
849930617
170656054
308789892
23796488
995549410
347221029
222622882
693684697
642545808
215524544
715070185
254235983
230360317
43274534
313534810
89162388
161623580
954762192
101249014
206619272
913055282
535722117
24850000
668795816
724897507
229714166
772803327
126000825
999590338
670615539
82947312
973271757
532474950
578054612
856902008
644037456
382655368
20178745
591919261
446334498
799133126
258722475
601085214
566272219
112085006
390839395
906739267
287131567
450289135
496933215
84508447
521503990
242199908
972798135
780258676
719482782
352273311
38834971
603926207
421510148
801790977
175251092
454688263
575131526
702002958
556342192
921035316
329191777
887826815
578182212
567774946
927151194
939063004
75178741
569341847
31164828
628958564
477356232
565918166
822652801
251584633
943411369
322107423
110566409
324360458
192183490
636991435
42750866
944598087
620518091
729125400
973945294
561063918
991748396
385290721
612005549
346534100
933935356
713068635
700836470
137570398
298447740
289737528
301780353
21909544
848358221
13750522
125472880
781947935
683153190
75721931
926811943
644088108
339463625
222833871
144739519
560626545
723571984
992277116
437165151
319852017
715909899
365034434
754083185
863840324
574027080
437216275
163079076
142406198
72505439
704908249
356630301
655933351
703457197
180572337
366997197
409115412
157649632
714956720
24680910
431923465
545790005
819974516
22484315
763993031
747698544
328490574
871110691
499918202
771056338
538981931
402334830
690804748
529566810
555230224
534513590
17208587
455578909
722889061
287539993
774156045
520426902
975691367
978977759
963982050
763909538
703237357
768790479
329011521
481488701
193447848
611014348
950390880
199922095
928613858
431835595
845121035
257471942
883280390
292012611
326344271
363293778
925139164
184430270
867379344
668903856
866579461
146381970
136317271
586895878
155208469
229578579
96123573
120421571
891591039
866328390
844194338
707087654
283826523
35172743
422374962
349606995
264415641
397234607
87540288
177862776
932507183
84529633
56411557
503325910
453534097
703122030
397952922
620303385
949125552
193744678
249728336
804560595
407952289
745163562
104219054
871909621
126818219
609917694
729128207
572605036
849697054
410538594
358550480
148181003
966955169
269780020
154739418
128496831
301557339
389459638
597944971
521030262
963317072
353817791
56282757
961605427
149161091
488459473
725094438
495716258
411735430
217217585
632013911
22270809
286614800
831723538
411482410
685365967
276360835
825026021
759730992
860445827
857718621
970853557
217175617
57303449
709652945
557535233
666856601
734584836
370331944
554486168
566311246
909393746
123896218
670161058
824793967
831582427
661619928
221375347
309085170
311943397
639470778
720503056
917308715
895217761
526843092
778119186
191441488
674709590
453927297
884583524
73248885
374318571
941399956
934377539
298829456
906830649
128087615
214484402
849560896
982745101
535650570
427991723
956326893
23384506
348227015
736328022
434339782
974762909
50905465
624279528
871567616
678798441
203953361
458860186
300982731
279401348
787009502
907732992
434843926
720073527
995438591
142307464
526351864
990397341
548848690
888339338
566666273
981804596
567317206
622271093
482578529
38286093
736796187
943886123
401790585
802804366
323163611
542446194
667897291
267930313
760290900
105092666
432514797
759495798
56124905
389742074
727159987
215688986
490357645
87304625
386425762
211523648
657374886
742601510
820752011
403133767
595862266
147726431
896177678
974073963
523496272
399345769
903384372
686925160
821750575
660690850
513859968
786227184
940357253
550527897
292575985
470352938
668187499
285482769
772188366
697680524
975636912
623946062
141826889
861062486
471496581
437699130
679648055
677535823
45251296
784512935
78897981
593255213
93197142
476421466
17599713
318075586
88692171
386570682
961034720
315734562
652426711
198885492
30256972
770906915
869602302
297746975
569905483
238302528
367753776
51648445
18331454
203844773
75982584
295902365
371081409
923657861
768206605
331336782
453403298
838980039
57564847
829889721
888449010
571524468
953165714
12366406
445731998
523254376
977091338
977078393
169300733
981787784
904310678
41291175
929159297
806120663
89974790
755058054
948358996
160126417
543449312
477819005
463645931
641089760
914494419
887153893
629048466
992682792
227036251
294565760
549132698
108566581
625590053
33367633
396288553
357582305
948095870
174541681
105739774
355325666
221294095
589200908
491615778
322882970
742817022
246042432
375996806
357331101
330102322
844729899
538689246
397992535
648826804
937567534
146553304
510732897
111266662
363290533
614096661
35249097
97474594
133543318
619094209
131086408
224323102
660882229
181161647
95940884
632383223
198641426
703819739
427283506
123008808
428680969
809862086
154876457
397458217
799984160
265940851
826836624
854827752
533308195
914772493
616082836
606031753
328601479
239161418
635154782
738539929
670121438
239778714
14603703
524167167
781189472
112650169
647708633
770362315
527014305
851870415
278651560
516530202
512491243
20988340
180151253
967172142
634731488
37821655
136785711
509621315
424791064
470091341
996682838
420981404
578918121
883078603
842555290
88965391
778671856
749080554
148697728
811779264
659706908
178707347
366051173
231507373
618863865
814754377
486199827
255776721
851308376
906384925
280697359
714562486
556919337
156457748
471915452
605765718
539219025
738702578
86894726
674854616
539007677
933613918
575185898
126910405
605560268
861830617
328894081
310978299
361621097
930545151
246155497
356698070
631202240
761596964
227928630
259575374
891458189
901070986
141236939
195577373
376481882
198023432
944406115
646005350
979086672
180105674
824736588
332488603
490286575
79736375
671087289
626635883
186211792
999090930
691889920
673398222
882856816
324654719
346329895
334370484
664275355
269480843
290510421
80327593
215588443
771497330
397843957
652078707
794286607
996952720
572087571
674177459
593680194
22909547
231259701
724590488
41159190
523919458
196285586
667265622
892545067
55265181
297981249
404512768
162531926
615803607
53042898
741318237
213056145
891130949
714117645
709054579
968202452
900281705
846078052
661517158
365095484
657364434
469548132
594097378
380851254
763173547
831142186
226291090
779381183
213406850
728143129
92832501
517642347
199989676
316014626
853380084
421747505
612525187
872629876
890608546
436263706
571451256
124845205
22069091
578257672
932193101
461131255
830241723
97509554
591036019
177460915
95410334
753875795
947843638
470168457
278394182
892726306
265729773
69100661
620033986
558468115
296276603
333529150
11887226
781166036
959505260
635192234
354924833
979087279
149054554
819785380
65172188
228986053
258647906
404475235
885121787
987140205
283763920
364377669
490233029
754069106
772206777
291838995
300065508
572063451
221828590
11977489
160677158
732878845
373601692
39112974
39435986
13352293
88155843
949557769
215661906
431134007
717192933
43861100
154906222
251286649
160099205
429515766
758020195
538521401
362374774
959227679
373208387
372754657
629276431
935851908
946408938
494513036
76858993
40037268
831060657
581873872
984706419
19658945
180960017
422499206
248968411
815871374
470715862
316422671
80369215
54333566
905655863
557445179
134710861
53282728
710192402
599594101
807249582
461989066
785569305
434608671
79540642
306396138
257762706
177723549
342911680
653557147
672088774
203176937
581003408
809577590
882467147
394414929
542786010
222804399
689623880
496096311
893450574
947336705
546224828
720879560
544313366
623443505
580613466
23054147
223378863
588970453
391578947
975007456
409547658
266661576
279977667
14946017
578611194
786460787
433229101
149373214
90274641
682788281
294490869
966605719
983286427
64775239
586699456
469753674
983204346
746559707
221587262
451700929
203538493
438829453
529981441
211282334
70225341
468938934
691001823
60152446
835807976
624270459
169631484
190617241
604314680
91416292
656285816
859089728
309100061
20701629
684635752
66994333
796991893
106763238
166308803
843048664
262245263
438341056
383771539
404650036
120700562
906037716
22738275
609663080
542667695
189503808
841959838
925597560
393987243
685588131
109670818
59037618
373880611
299550525
386884142
984768630
347012429
704415136
990490372
306996650
389645538
102830047
233874460
946942702
118980113
540077046
963899889
211234731
656021547
849915015
273096720
567730969
558816943
184888365
79703724
99527501
133535973
376793467
450679935
989308931
939809992
68397264
703306392
639211199
493444659
788473502
375200601
44138416
523232112
252236003
494679334
287825833
300719375
532145147
795334079
918109838
719831244
336932924
456080004
51647194
371352803
742846054
918265799
279427562
648257386
90124034
256318201
978408722
123625823
687189620
547270468
447135913
426494012
97405904
640251784
227610068
471159098
535580049
44953232
244299508
42245189
787100844
792250217
701285097
355294447
674874618
552598235
117076859
456232507
59781315
682076339
514694766
201317807
514146281
381159751
959932443
960190982
161111478
433050782
426474736
325293720
611915507
647367759
205202419
947111432
526259732
100816301
119736716
657512711
971757251
223275216
561208464
953465165
330166480
36294038
30109503
531202412
743463872
695323566
892847839
66047500
782895620
258405031
566732748
956185223
918058590
520992847
899966671
103621086
377912838
882283566
155767927
778068225
745882060
847823688
108527315
100462125
445773401
983398373
645833229
827356888
691680472
789940840
179174511
728358916
754072394
230479135
48656367
401491209
770394772
992936369
143532642
189840580
511110292
617842571
249783778
56706298
728694384
575819869
92878059
332744641
663683317
678043414
546652207
35604792
775774849
219834859
565070714
298407616
586145430
30376186
979112684
61211089
421033468
672986977
109422127
829047772
548640395
575362243
170702877
704408244
669080939
273604270
23926547
178449256
428431611
566595912
675492084
469840287
76324790
76769908
730390240
502340210
315322547
666016016
111182864
524333408
908033844
440455053
86199847
840833875
645996126
744278280
487283458
752373370
47281676
374608410
708466345
32823522
190311264
180199067
696719316
204021558
697887518
627294570
82826240
688438907
22763296
370893759
695247346
218422892
591515292
827045744
891572850
474193070
501600201
573507071
767909897
71198030
646070122
910220208
221194758
950788573
967315405
58581803
267945306
551345533
83894652
773458742
384883086
768289877
371575044
293999402
250059532
275760048
120154363
216660801
874767037
582472430
231999221
185461966
311386035
920600457
321664441
77768542
57759233
174828583
493225294
595363792
835812162
771995254
257825359
257104964
865337614
129451836
724275786
294671660
178657716
989648018
442899529
273574275
638904746
897246518
576613696
821892631
223097765
509686021
699873252
286082276
913913388
807648952
910993830
795779179
694300296
383925889
378304782
392676265
933304805
647148319
225742745
285177834
526222001
966523997
517527671
646673873
899564808
101957336
288869204
68856108
501662197
116102023
179223527
896783753
439960441
200474567
130515824
125627249
225313596
363118000
357770431
270727349
127579729
901985202
776122747
158835752
673172861
289120301
830815638
377822299
675173093
78540610
996602345
873054997
326414033
98489434
274328662
279618855
813703843
519119426
46571125
968853592
538676490
51923139
897965887
724484639
109238211
569104422
606553886
142362031
685609760
158032871
219539034
935878155
833173011
238313307
940422144
123732958
796542057
344994739
592505654
81751700
222790294
700229351
393059442
281478376
378853248
332907018
180486872
674573696
250393835
547302362
371751543
325948359
166166738
923344451
619743881
961089013
157039413
147642340
869747094
983626773
813236501
927346363
712662951
85439711
511442176
675391310
844671951
847305642
244886362
635780071
95411967
91061481
857280479
292321408
385016997
812160121
17094844
97079407
803082500
511646758
788571621
270714784
874020546
768613734
730295756
353234186
599156259
523956119
406503207
37691102
220152323
230373072
894466124
731117171
553293003
539328204
762794458
278316912
284789770
450376331
828547448
175269668
108951556
702905492
189561617
299147420
182448651
135080131
751336328
172018449
80427908
153071882
232896842
453457903
112854712
921486670
242422472
644649876
688115464
175137903
839647543
408071676
841880690
731806123
860453571
786027655
188609907
99672399
635767915
879193166
618260487
540226433
547339075
612513567
142775974
751878523
376785942
217876933
796742615
190523793
504183492
488698207
827804081
844122027
555292576
219109770
338172179
640176561
576368452
403281118
587338593
355022925
43953528
734560877
235647936
678006529
644689245
213353761
488511145
563286522
576749374
667843318
845946087
398407427
705140925
359823564
840856306
377937009
30806815
367793226
478254306
519683111
765816866
288990115
612205640
798695342
76607939
391304031
794655313
612031508
365873073
41440389
220061369
508980650
730663585
495699529
986782107
10529034
276651633
936911023
715061515
525762559
791700947
192849948
644322866
868333922
784339197
780694296
413155453
843153154
800831226
504109235
979831455
101662482
651677500
173814941
166664081
182825905
754096067
914877627
475572091
80439539
661294264
617298399
37993499
934662617
25383785
727430405
591212099
661864712
471787112
300670964
882874502
157049034
982707528
504269338
196629644
928366107
576795366
56572128
75904386
732460760
435608161
15847459
367554589
130542924
120656588
498684260
133099840
726466152
346560025
91661720
302544403
939653007
830210999
187479444
311764670
392619152
348047839
180609184
502566144
748042484
986437760
35229681
187362791
725933444
476763051
96088535
77338228
441916281
780467878
474161622
914223537
192256425
728755844
53150703
103555519
326879362
908514147
953297658
690581013
324453844
447113974
927844720
933300926
925067571
887311950
846200949
347375484
508659546
48850848
394208259
53562360
578859837
537304006
689434655
252125001
463128752
36344715
184978294
918780725
798582297
33742870
503980112
298467273
462856064
108748219
804764575
599481683
335874637
444891915
269187733
83655740
425202938
615083561
149749633
284263740
991254953
996724579
591635436
68664859
399728833
15333564
716614708
104803705
595099485
350631147
278429807
314910153
78634103
673622099
48656966
359125250
750776042
632542588
91014976
665581502
218266462
615065071
49125682
724641543
94797279
366297010
415925965
811391049
505165111
647450874
341448491
303919314
992826539
327837346
811317999
730490885
857907200
428781599
649990395
827082089
700593738
354104589
650379967
616313263
703466470
353722255
626017313
395718838
767506508
487377118
493392813
527337347
864271710
715314100
926275277
95692492
445811367
964671194
405983141
334894912
47380265
201991662
772769263
638858391
21587283
82920009
348689017
754088269
558244983
330586054
252405353
438903360
821056439
99439841
182223733
871847533
104617746
323341969
885142137
833192724
522788735
263836804
225251414
346964130
140727699
580125020
398921390
65661375
826452543
952040784
943854114
146788249
977644086
245993892
114829413
913738068
67237598
958260416
446883382
578206977
255301854
92938760
830360578
850744754
928516311
784514162
355863523
305789715
826250926
525967989
423172353
957309615
687258873
824294908
593753335
93106663
427039282
823339406
525581284
800978572
368552149
744999830
510443512
766652127
500976553
928391480
174168664
341325377
95158958
469530052
72013243
423265740
452089508
693548191
744026330
606376963
98827597
487069137
404535690
711702285
209513277
223150013
120549071
765524082
537685463
413001804
637370778
635653832
592780982
288846152
963936299
512258815
667734232
786981190
526954363
357545055
954769212
616143219
266031487
466866512
725979190
60301151
485342015
517589036
408092747
82302168
552184421
125699507
719676551
139490864
353869955
231934955
901163536
51335288
91413556
495004540
985170493
802402989
555281917
687888875
868383379
454312639
753822132
50181574
74220392
354015071
262498695
522047909
49987607
921570125
703412027
770334268
597003448
601083480
275848651
927955490
576395656
38916628
501759607
754196326
814159719
797198067
815770784
532906981
783207272
909899975
501149602
876514207
404853574
799720098
723964608
29473376
622947358
728660039
239719332
469121987
177194751
407346078
83801674
216483888
635860103
815535583
566510670
912135936
163441313
697063297
73624070
474773784
279350465
740690244
454261202
729294461
304535801
359605263
610151900
586268593
361744984
612749531
585605684
890265629
587759032
280395018
531651846
929108698
379528501
350342674
653111816
110590504
217824438
129098486
398392519
374974954
173244126
38330838
224127005
827675306
104172126
957964482
455569994
878292922
678111250
177809754
138372441
152729317
228869319
696645770
207473100
571239614
127271586
478271641
488627386
404387277
687108408
862212308
542936130
607871450
732676005
82745140
382900637
353646692
881203595
178623097
294285657
343028093
57882028
781885613
536557713
982517010
569646381
120265743
386662883
946772693
184208616
95546146
67981766
191558124
374335535
98606055
317793226
210034561
57352724
730846331
823412116
187640924
712387906
188159208
311082047
560164606
144845600
762020973
737445879
646394789
726483861
305164624
793498536
629660151
495697331
322631073
317410791
572700579
819444941
574117309
192188633
442043206
191403293
773705185
607621396
807166061
33195668
857270875
767403521
167842637
303663035
330937624
484349273
341096344
869235416
243428472
409913365
886621243
504058045
761713815
134033318
657077173
966412814
136022833
870291276
121298906
694911718
891999321
92054620
578037368
555252239
826660284
913372368
601392715
948210491
167846825
238433650
942218809
161089899
227232741
895582707
255627888
740744965
329119565
164134328
245990877
64186790
265702430
396493780
589273536
668163153
625790087
604917917
591135839
431149831
834247680
624377386
950557273
412232819
398209573
517864903
13213519
906020194
36952635
787721883
811322496
645958730
639777021
67385706
192201567
969543524
422265762
979503679
497732843
625663453
987180269
217967519
250694867
280302891
638897662
434101422
338166278
578109911
130299136
543402970
403773064
951427982
286845885
889317363
554163175
838092363
62203989
464533006
863321893
36134325
517710702
671835125
677689390
328219649
716399215
60179483
882247994
751268465
696939399
960911437
548879490
665212432
185095151
805786457
177802389
574748576
555943364
610334728
277817757
86978554
77770306
569230926
855105438
70104209
39029495
852194867
571371800
778784229
304727437
423993385
164329593
282907434
568510157
808980655
903878734
529903977
667319326
930749674
607905011
946558132
53965391
413504694
310028696
637392311
96567695
392125154
248825801
461031123
880661243
915235666
142241849
563866563
90691642
75604692
73113536
515823077
809803653
881676410
272442477
618466178
188073384
530615098
298796212
258378191
979749702
267694216
294952979
807007224
328752548
394169269
524741312
617054782
902057666
87422057
888328628
419939532
708852996
733133716
10609339
695630846
697420661
363587714
779343410
449413847
516802764
818472058
324803404
696804579
173653065
896104922
170449153
116341503
775607638
806807041
642782983
163637250
855061119
219523271
121151609
910199048
473337056
888470672
548119039
975356357
201232297
575954986
295786909
861664051
360430203
286374655
772847233
414218508
119288777
468430095
706265953
246678966
739963218
911178912
174668661
874294614
426576212
219716770
315688393
136865615
843773114
241911733
825727308
849128877
917414523
993410213
724540536
203768808
678083030
866188356
285617135
56690438
585296473
154477910
664478231
171665487
725274499
98552064
757061384
989732829
602006807
851728031
603785904
645658256
630065697
209288248
795957663
489406761
570830599
334156798
985122548
843759586
257186025
627518621
949471436
222290523
967739735
144002278
46184273
921103102
995572803
21379748
612726524
885723753
630867533
539481330
263801680
131478556
788795410
210828152
553779246
552168828
516916307
488969971
435625054
152211292
520890151
50399407
419833577
526547695
691036377
305791637
20597229
52471373
70443063
284138257
485762658
845611880
518713630
514818241
323097246
440130113
162421437
740184313
683060130
213298941
69594833
758854287
29192202
136336283
195958703
638777041
303357958
743848270
426378394
211489313
102153289
995823125
148879411
748737544
689962633
448428597
236865590
200362780
776049808
583427757
611665716
130911080
546902815
244802308
434680649
984174611
445572103
673022509
268469848
254100645
300471133
279596246
36888671
427243994
677117104
157999594
783382787
317759756
389220674
813251574
120604933
150063417
412729378
286867034
859902160
198100896
79137157
742120885
628313507
652811556
279697864
600964735
24162474
560543641
862367086
29238580
439709766
518971087
122697720
222095339
256601097
677063903
243606221
114331985
437761313
462444928
44198428
538453604
442378045
601157346
192151171
540281632
166411744
233143535
194203522
471699093
413013659
15997874
856100759
609281873
125277878
191689252
893805615
157206171
91984939
242221599
774100892
125729966
426236246
902302509
557605001
278079502
663605978
40244122
906128313
268724686
950366430
767977065
310694381
737845477
899853111
782897109
978332374
235749057
674193183
93492353
529993092
620786777
291254637
619570723
925553641
20270101
860305059
354776011
584350609
430111582
572388359
429215779
451259644
569313177
349355746
132149565
319493536
817809019
286325413
636803805
118014006
856692552
674847190
682880806
901741176
432065552
463055139
239923801
710447395
96323802
342888189
105909850
574931987
444479875
648584214
57674888
592783179
180488526
833380390
965306938
933790892
438057775
830812252
179685637
848703422
952870159
25417510
860530941
95023045
595191636
245862972
395104964
775626029
991620130
710108876
779625492
680301382
576756456
785333661
60291590
512749707
194717874
823327680
428387879
921500047
378662648
226776398
88195863
533266113
691417758
738288200
713757663
863257259
970718159
68514577
746283495
838900063
14314155
183611638
735047855
111069742
52701234
974940932
988138257
38169043
101632717
911145933
608060214
577577208
323636538
873737248
913392678
219505599
385382739
492243301
484604823
783405205
31728783
542049603
17676920
516513996
82536874
85319270
703625843
975606902
895124615
100538626
560044720
476977892
206189229
595575972
191930978
364829021
10947457
907651642
636260360
243486664
144776835
324891972
501955241
405014666
589373998
257756660
469034883
39547499
767100197
131053413
912946410
950047922
220686579
71055781
790451664
898728377
942913212
571785840
309919763
999018492
350543968
782749682
88364494
744941898
920103211
419373556
676494506
953912447
480696112
966634989
924504465
665718178
771818897
777876556
245358194
589116908
405080816
856871169
244318332
201271288
728903356
935447788
504679188
643689598
19736814
313540222
185852551
889252945
936300195
155692998
896794964
683001052
679446241
401095089
223674299
506506179
361342247
622650666
420796719
25768480
11344917
913698834
869447597
686260544
223453506
599040554
618688072
203492588
599287533
548710234
857377888
534139187
503658566
566801136
866983248
982699792
797855710
61549955
191107886
710994125
751709583
40971536
769780438
593507224
116163771
860376780
763088340
523950663
83245365
149572060
893081187
46004469
32835394
673567336
878078397
695595409
196752750
221613386
904050569
734040545
47225090
821660178
910340093
905196059
421278612
722141271
158329633
375625897
797434528
486411435
510696129
800444721
663090915
736203504
402298023
587481843
227038474
912578213
947083049
732366366
972678423
157107744
592340964
263732271
119014048
149433769
913113264
778385816
562131102
994866834
415359564
793492871
357251437
870134010
50600795
593198993
54919275
758323193
318912037
25557018
490678958
852797710
400371561
332286785
227723714
519976111
924691540
121111217
236336701
732160348
643859849
145321651
612839099
704527701
285752868
955868685
136528317
126360361
925795514
40731340
644518023
593562945
580061186
820770760
891039772
589627283
857073923
50222166
396120582
412316404
958110262
93793111
228419719
751946110
243838505
272152225
241346294
204910617
386940535
247390335
273049069
997437558
724202476
516716168
957324215
949188768
570001262
636087343
213118425
362544624
278539855
63891015
887045551
670673651
539917629
46780881
53196332
985876857
949182130
613443382
37645994
557687283
65056292
72684225
255019247
593714989
263236663
665694187
399188511
234126219
592579721
300487642
198650633
149831766
541020252
495424987
104731186
99506798
97827155
624942627
349129535
886188269
220875588
490351916
33671395
609678207
271683799
725976022
179698924
428210714
271014925
510078548
911247276
285708334
52725040
707226838
759306990
588655511
416694720
416011502
459788492
39891586
226395124
829285652
790463001
376983266
774086442
762562698
58926068
92413336
722378104
169685504
828840761
28193595
145403239
925459084
237083849
604326794
394412420
63659004
731965335
539304950
648613566
135752211
621442093
479637164
486931509
959251427
217758429
485964081
567837089
430131041
661403979
414508009
636972309
704588551
538059748
122701022
428063290
481623836
170026232
876846644
261606205
392991616
521675965
971091030
166045044
741661847
221214463
814296846
764617761
401856908
646758078
811891932
536878953
47311804
173503959
846650256
28554405
772192370
107322134
804520371
127783272
749730258
624090029
294678043
395541142
386833061
935394927
573200220
146982372
583087050
335036937
61538752
732190667
326746160
551442880
80486674
307802883
158645400
396386141
387219669
290637191
814532906
174788916
616287763
694263557
52463788
318355213
448408831
670315558
905075850
935050116
878698540
40536945
285271753
78226532
632806082
16912829
855175589
949018911
182155645
397164426
974730559
464845283
687311566
147603136
515353475
854367468
904728065
983644667
629488202
823088407
100536095
697309299
165235807
915274473
39479685
978063324
838847284
139943155
793148931
479392704
757714136
593511472
341903499
855416412
841530129
132430936
966413362
274085712
746166499
420401520
807672418
188153211
149490858
435482283
135316805
266986036
712353811
88293063
796891943
148043076
697457035
784128994
598560799
615197420
502532164
452629715
612979277
112965675
217842563
517322945
904689115
908509468
435483919
89849837
523758644
395373927
598891113
429213351
636820895
586785109
858053518
864794011
109907386
722042525
520609587
580192771
336909488
82771484
86577211
482989918
598291624
378343774
64395426
359506622
495223247
82226311
772937468
266632954
380446498
707319666
322472873
632595450
23505273
452546979
562613604
156228508
389892449
472986773
876472559
308500923
165999041
936935557
503789452
453668840
926261643
702686099
590947376
761870430
790116749
250697397
551662724
867985824
715517500
99085665
19578762
640857005
875058949
773114162
771156061
414939650
666250317
87818328
787912097
843198450
763172294
766661425
220641938
290468678
96619462
390233595
888579272
742777028
478278691
635713028
549443982
955737536
971629629
23014830
532465884
392326085
459464935
711805150
367525850
297133208
669107912
424756622
479460071
841441871
751923229
292231799
502644116
246109068
161608232
659137357
172137163
222728244
71815698
918539999
914352457
957150421
269091759
168414054
112890611
149422203
620787334
833544325
99964863
639153388
456282758
672080541
948899619
227347480
73248884
688654218
31899037
956109189
582540170
886959912
790295336
461265220
741316680
189024945
559381705
961903499
587029541
675252426
174364422
770599600
115749187
901298619
822795590
884771364
568733722
616923640
486372018
919232486
179984397
55167966
805015189
938933303
931058041
893295782
697916932
974829639
848295638
22981059
509284513
227230998
576961492
423221671
472865682
910570637
152637370
951334215
33862168
858305449
598776016
978191616
373328113
392431566
290788407
170255249
642935180
72131144
107621804
449463643
636430262
123896003
939485090
926135389
181938375
782008682
97788939
629977021
650911640
791107083
197631662
610931793
466184547
828908592
35674135
25781471
91634619
750226462
822209672
123639594
648536352
364235031
853695666
959073192
399742950
815999174
133275279
614918074
323624623
298278183
898992231
338271895
343430162
930316967
252603171
441182252
43186827
254221753
223217881
166579960
813681583
309609514
301210215
705761719
461418729
948385723
177986718
183383946
666832678
505192716
340165105
124385414
150583857
831442355
58861925
568915865
772322815
231998122
504176784
173711701
825455179
910758601
117900184
80956833
674762714
955788138
94403461
485005539
910920653
968366731
406211763
786257805
866784031
392601060
140761990
42154111
805792549
330540150
305975432
525866298
154899314
98955020
658902403
416417332
553666346
24402098
63373401
530674986
763437972
588370205
926344078
236646483
973123193
397155824
173583149
220951349
949737362
912958244
831453236
927618534
513497832
685382819
715603714
818236995
145798600
700622808
17418405
152915152
230768971
172061723
279288741
883675342
755625114
407706975
782923748
296042520
683911453
383067693
24606805
799893331
897915199
58336685
725894397
285124679
892283334
417106783
445518179
895350944
939788357
780602146
555468133
594054442
219102931
138296786
443447331
305848891
268240604
830284539
417612446
973416932
759597907
458560457
605176141
629827502
274202618
748767876
681432102
441038417
313087198
368407781
856295517
330113266
885909056
679509318
130052475
293079942
875047597
986674734
89086272
300941509
252477149
106783935
715036219
182753622
368233140
493017094
70119660
982283460
515598695
751427049
479149667
598567201
225853396
947954055
647161982
500480599
472874351
819858773
23114510
906601435
760050925
972800964
189389409
113531251
382158362
648552956
465735969
722274501
402065476
704038639
122441778
256313528
711883484
747638040
606025388
117299116
713620140
274490562
861045659
393085718
477361921
388966645
995656895
854278641
463609216
960758153
819577666
466779020
843492438
307049344
352703898
176918654
851649510
971355969
28487045
599780459
865709252
73653197
688703018
912781937
915725198
196445751
96801494
737735746
981582168
278009833
381149153
746141992
40731180
11647694
873289837
800109694
581625577
239662027
583697718
265736517
313755084
313652008
357755468
317660080
550810835
277606281
211559986
835402072
719513697
497503216
424270909
302801557
169444193
64458086
799798816
125820363
578085460
69911578
642086745
932430551
451915495
427232390
529258668
36278423
859746656
32526993
797211365
273703601
77438977
669949192
578505035
848084085
346952024
521377764
420464045
53457305
677736323
980457516
869751816
919623107
284999940
572238887
349744512
997110389
114461359
722369173
779403926
578730086
424046378
641385380
150342110
505771663
33068841
16629669
580495169
314678561
711021414
897975667
329746268
488903860
261470154
335630263
81112588
648189567
783974173
559809405
528596492
850328070
304663362
503662896
272028178
464512619
331354861
952921615
183366043
545191321
35360066
620261276
231356160
387905535
94187963
812959160
232742814
540683901
870477201
111656490
210876404
821128520
594892378
642590016
857244160
59970394
840111564
780927036
501061234
309198345
712257198
711986784
506755476
674971468
832315809
263625103
430501884
735065558
541458318
842353430
582921660
881734141
407252780
975742309
256432327
775967499
635298594
619015694
33684903
166294230
761274753
485299552
289046903
335577641
550228884
914979376
928797370
916700765
216890729
355310836
574858283
74645314
158810563
810235236
647658008
281259228
475118968
808692405
885461057
105717393
49155661
262615408
638092374
512849963
868596392
69454408
602512747
731089767
645816535
282543809
493554839
550250044
990481544
410466066
931029547
762021080
603169822
152565107
407044854
626259953
137416921
27760805
780089941
893623666
97244106
345515657
729594966
669135310
546311047
394729668
535493567
520063080
314119189
267440726
432155451
152964880
268709255
775578747
929641232
736617216
307171089
498186579
197888602
546733942
325479658
295526934
21628223
638304461
365457518
109235449
17203325
431847781
476925179
192163832
256806420
551199845
533745835
278009697
865024249
908396444
470662761
804165702
789627647
60082370
392291889
329086101
360724163
564091716
142746542
835204330
879802964
934636126
982263923
531287645
81268894
259864899
302848711
782147060
526979001
947191333
935825770
941956684
660647130
200117794
508819599
63494001
704798972
391444626
186733603
718839036
669333760
543725629
312930439
879089199
123403785
972566081
797505781
367184824
882513256
546269381
581122601
154301203
741659334
750981699
430588514
988504221
840207639
127025469
512237958
845785548
165331382
27395220
412980278
56116525
241178506
930800892
123568795
687939516
983729442
752718838
146097014
869148764
743277087
686022323
946317428
615784753
399565973
809739747
624547287
314918621
55998534
51634920
30973323
498407518
19185931
363512871
978361055
677868103
657794676
434486152
17980168
913952489
713158675
704106449
843404691
613006064
444678561
317465190
578013819
666990373
441243738
640896928
490619371
363656455
599420854
568202075
995167221
35270135
139186588
43324232
444943049
609577866
826761798
377022726
693644010
392953969
588828593
132428655
673646531
918067027
292542879
436998050
854882672
364781649
701189572
36478349
571080972
792880570
475538842
121868482
948150324
433842267
73559107
403173505
86910662
116680944
426650420
662979996
990787842
280510786
896371705
998788938
626289341
49896638
20550286
632049138
692600211
706049148
756879197
368301187
475470320
368567031
708815502
180147308
93792761
663142634
842770825
296871261
331980341
73172873
340339316
162583836
483971298
489836401
978155399
549917600
803465049
745052074
566269778
172806550
480678883
716704744
175669677
929235152
586863660
24207774
536914358
915444509
409770441
864967374
950940031
413945420
205917073
354483808
804399764
990896406
27801359
617780892
120315979
694397291
625700328
676888849
349631558
848825001
218643898
509085337
729800010
415402229
302287141
210588922
913001227
42418562
935837109
511202524
679319201
639488185
542233268
540154656
115482186
64338220
602059504
687304578
375173576
364317716
320083831
610982389
641213758
776662001
31038278
545739611
668738122
764133719
997068548
488909305
342382244
80393298
541197710
733596416
366719541
637281324
69710060
952479542
959653177
523593757
713429801
292232932
146976406
692833117
25273033
110991500
975520430
531674718
762924194
903802452
467671968
778389539
387519296
497459777
545140384
718538816
479066512
350721046
303451398
834340326
736778104
566025757
486714299
779172810
878753246
101172799
345919883
716093807
741413994
450250221
708562788
479830985
91039737
147873803
612246230
985699053
250665292
613427936
769252799
109857870
700402190
44507843
158887230
592381701
966340497
132697798
365276641
190280478
659698079
977868419
431643517
625084856
428635489
627812323
498672715
463693944
835923540
790498772
116336518
241880050
705598722
213549479
395321100
28483520
897909368
895954375
363829936
745711798
395759373
843431251
33765876
977549879
210560004
809121389
847596070
431731782
665288877
821084622
113834575
724277341
293169788
151468426
736280239
600442839
875449772
589218350
860149647
989579123
101115621
472474732
291305540
200007886
460381959
956284526
205016221
393683830
182704568
464379286
559162272
467396944
268145695
942616657
149632235
906060278
343401233
930321560
545378625
109631522
898595997
938894491
431195454
153575415
146393457
164667400
956942523
737294978
78283785
803036068
66677768
717148894
290843307
474214780
785522556
265363496
455890740
136656065
802221376
186314753
407208430
618694608
49560286
458480118
414856276
310768726
836975886
726877015
202622167
648388781
117318551
429701329
904834563
308234665
678071634
400855414
94717530
887058661
881507818
96308193
23161578
351409377
85740845
647383784
828068738
764322251
293921341
332340649
374942172
302408868
658152877
338980024
611255380
698952387
149133085
90519433
627745285
745894484
440093613
62651698
259611042
999650855
523362096
536801418
43182046
102566728
238740924
747486535
542635572
12065029
454178702
848390803
962680681
871652501
65906028
13924323
825250420
521718336
151370969
997071007
46451504
708992161
251941609
640327909
723736081
879994685
449105503
854057915
390733680
201723689
99720026
400823879
280280020
197085331
951573303
396459083
873043828
477095189
773251540
640234617
719694487
634161261
82757711
14739865
712173688
501114289
389041189
795217008
250966199
699668951
798689401
955655882
793046606
488588914
860605711
691325648
460371172
459684699
777784590
450688556
858289566
275152043
560917225
403607627
834372362
174696814
98201368
84359072
781505731
356257943
978977653
896732896
201371022
223203985
751834844
903191126
283920668
143459412
667192996
492103948
533909334
398350530
252479875
982449834
603771783
488833765
992248444
155637766
448301035
528782747
239110477
336192875
77396307
190300587
164937996
302138114
106388262
890218043
455713566
726093430
250706888
399618407
181450300
340000405
762959057
561195080
218747399
434282434
140594491
669490688
926622830
911300584
509445512
919718763
965169243
908046034
910225863
404595144
845746683
539653670
312794432
43207343
297675448
569450739
247780866
189533819
766616832
866786948
221312346
871038701
259179737
356984427
796398733
778357488
811530866
241252731
473043058
961189773
876960999
65126557
624119305
260626725
325211486
486952033
410496735
688366839
63415252
606170982
429462375
723122342
830536312
164575285
212721744
576151532
253563765
749678661
856546372
345722128
325697957
105244230
553724729
759250163
205168288
834913044
380642526
399304130
529316784
633354919
456140324
683662510
514887898
720030780
424467684
147304823
661240281
516865483
664400104
589157318
643168461
752699006
78524979
166604218
180497415
780614647
225568345
29114949
161960018
745607764
420461710
956781593
419475563
491053157
836073352
460908289
471983083
231378384
88536145
323501278
707614504
150044439
567801242
899761843
291516697
787894290
444965271
357938433
173535227
148097514
238388899
635425879
256599341
879839084
902507404
83935971
89489935
467461604
878097513
557512998
579032990
33529544
612167603
445911892
777294957
746084117
694045955
589937276
726128138
183743200
908920708
939156649
611349508
138686705
417618046
251951212
23390373
439547162
489672863
746094842
590410715
534050536
186875990
985290060
616130800
676075060
892969446
957458094
23899824
464361751
200512496
932247882
769698620
440417829
412486246
326078927
724953388
34533712
613819113
294639165
467127027
773410083
492362637
690837457
533296548
594648830
117994078
210930795
659017795
475355896
28508489
409174176
490815670
448152265
789253226
937739957
658484909
868298691
959393515
67289958
486844576
200564783
828069174
442820851
400662822
628577150
416204084
160084552
117129636
792024339
35412232
737862186
760385160
881664722
766550347
441142319
55094573
954360564
265217869
667938642
578505897
390108281
768389986
635381959
62594273
675603869
978469785
672777688
105129569
38097408
148954899
856292748
983146551
390526172
161016722
740839910
822888279
932304089
430248245
958143572
87445696
521910262
111442791
430615998
673587338
864483865
339525273
203564687
962933423
107959944
834945339
900270421
723971324
882293879
170860967
905567027
946897848
695348544
42368646
880983929
487035832
726614973
323299127
112606173
695146884
578534634
26184753
610963678
275342384
666432812
353208164
833254875
140544107
112233239
77424917
407922215
947772293
31523813
584657506
52181396
136472945
858897754
291937330
265572168
131205682
131131664
152058266
655270245
571745714
119890156
544507872
640237131
69000243
589339329
944115906
414585678
397976607
742145626
521157255
717130158
430699894
192731507
342650108
507500010
186470859
802809425
865794619
156230605
213641457
470395543
816523212
894743174
343674626
190522339
296335751
381448387
385532868
894031736
966594308
618610956
456205595
499510244
325063851
532776982
799120073
503924846
59202467
17754475
101427290
10084989
405345891
477937573
658729185
284900082
315281744
366579123
319899877
209439913
849559634
891036272
373999660
199502467
425445107
524286036
218778473
677042300
187341133
510302996
275759813
30050277
227093368
272361739
801986906
815881516
27617470
71662097
372896710
692263469
524850180
256194567
171793872
616980452
135317394
407810991
369479415
873194966
759288904
696039563
492636846
118410476
376918081
406860509
124536754
718005536
664708100
731412924
337935800
28117814
740804688
135224033
850682189
304847551
401951057
21701914
694665463
302487791
510693840
747905406
286228080
256823731
884836755
789307379
63675999
760846020
199821284
305659569
431641145
67444933
192759775
395157142
115536436
477855602
788792172
708433789
434418109
49933320
431188415
718472452
362751754
638554076
897278841
363839792
97933721
872906772
927468941
143402466
613763757
502944872
542183138
731016204
120757125
542473196
411635949
33238140
638648753
903916566
168129383
438110369
980430491
401781829
688314441
494252674
143996998
768448146
672616293
70385502
469613398
806351257
326177570
868729726
425925422
875908920
287156060
140868460
827406273
13602027
952055349
79953735
192079429
28035070
296642288
401362253
560502710
440597309
118356999
675487491
623820650
785091858
314284419
771145420
846571877
717535520
600346538
272666018
80621071
166013147
119155178
326662600
514482357
888797631
252461169
648645796
871972684
267627674
642519355
78341348
298424093
864856242
732845980
570353356
197918051
665689343
588047159
561008817
172914882
694592689
564056714
366633637
119130160
577910475
663373972
620864540
453762507
934673944
396772477
73540176
596553120
375999732
519331735
43403446
599567377
589159443
180612424
267508262
204961134
234999855
646403755
988779295
306711591
61598567
696186702
708431238
349432893
71409118
144752313
780983153
596823449
704990687
83614251
705860839
622541533
370038686
491172396
517967264
174891670
443337669
590710377
42900295
401903563
92745706
169126982
559411730
950768360
27266318
614514715
435400898
456335335
156791908
12316341
287998363
85272777
365325834
609512385
382278771
896122544
28581275
282118477
797235822
332720108
822013730
608681278
859083017
757332226
653914421
316556385
725657552
13414697
757309278
860621201
406191286
293743386
450476918
754108373
358408437
204907511
778042517
329130276
843488632
410392729
536927852
71041421
18110909
436611116
11748002
232059008
470665237
115942013
57652294
765117898
881920053
78169445
846440813
764169029
356593615
611292406
831640633
279731182
80476061
37908739
181647621
639522353
360073958
413510039
914066342
555544147
192373233
280693080
621506694
166737733
743028947
297488289
96243342
846329797
567436378
632653400
856515473
825958756
913317920
173211499
965642138
482679859
356493514
478630705
418366027
409484778
837553158
81084677
175913211
345677041
476028158
501689800
811308646
870964808
52956585
629818315
995099643
59962763
10701885
514775494
808918151
727660890
828496187
773511822
60941913
292905732
910528254
90143806
457806340
750801987
362669815
420412286
494861436
570513668
259822313
786724551
690527423
569160651
132603761
273361941
532540846
942842173
575677527
426209671
439450952
854027791
392439154
253533220
376494496
154892123
672343743
265395214
541257640
677355670
695924081
787618570
818462993
804414950
993323463
760715562
450042132
281247884
47598273
242555721
551525778
30320443
724023237
787735071
57887325
790777161
531940254
174465286
197777464
463686722
802328989
990483738
97478528
474221706
658362499
837517014
135082466
743600130
284913989
995608487
342952541
427926021
494753282
130555639
80758816
188175616
832262396
643633586
28314791
154688555
92305309
100004329
167137839
597748596
312279536
54392611
371994196
452026102
442494833
603740801
626710290
497789241
298794358
427584232
888843409
304131482
171862890
303499539
712598045
108363686
64104740
808721766
861039897
328992788
502154407
988080432
111714355
356430054
722643836
136004960
973479546
620560165
383943935
873114458
17807233
807943220
227920527
898174079
382328028
693797819
929195943
988564690
455466461
635459429
375976231
777006745
73503032
856708995
839666041
994063678
394248195
751907474
800873076
20112796
187197535
395195241
967596758
507376733
265827949
948401094
937846193
565970913
54298670
973942294
349575648
362436529
511950580
63629368
254523297
167493911
936207654
484229749
935695400
925426108
691203997
59711307
800732571
525679576
297199231
471856901
968535519
161966456
470550927
631290603
512003509
549068806
415271828
402182506
64056653
816310617
735720455
603161276
465555122
108679771
613544135
22911865
364782854
174459066
55717100
467486474
57896140
78373226
820335252
784687527
275871663
581870421
844759014
175185950
189945401
498859061
75009536
44301468
630694653
201968952
33198177
843925580
996145449
445713908
878497852
531702986
719602254
138252332
359050221
276188380
337476374
47577990
165588351
668196371
729599970
536668622
949482601
835495672
503207430
890062223
69863680
776346056
105773455
839256512
851957790
616628098
152143993
583746685
362173815
408677166
428170355
706804421
318341064
259296474
507802689
943619294
146561799
728962485
749902367
235913633
91381555
954848910
259501984
737130067
563926886
440084229
970725525
579894301
139370284
450205062
422325045
517924664
708194282
362200510
731101224
109603385
948306050
607261089
65527312
390229439
937135074
117917200
823838316
931703866
704748303
340177017
884891580
496961073
276793097
638998772
671006294
600183526
920998507
123160141
933755266
774880569
991847899
475750670
550135490
123103794
594370589
947418716
778319502
934219513
264844186
665883949
544785590
326166318
899609444
450745642
357520332
461835846
790961832
535461223
801255440
173100322
225623002
162155702
31982205
935349321
720623885
368793140
111924482
39380995
743020532
957898911
910873618
295542610
841867357
53515676
856912582
40687294
176025150
162860480
830825558
964517650
934703700
720025732
889484532
181723506
583934165
135837307
94107593
172915006
575502717
629725440
264858628
562944406
764280060
478271423
188175578
658688324
885936362
777731929
108135139
607696597
212022884
770287055
998710287
306185358
75959419
184983485
32275440
744355247
804705594
621790905
807142764
867625062
376578837
122947861
419872390
928139381
545037708
994240098
821712020
382348943
703811556
73955266
349488732
633465515
528475024
518895762
780457003
899683650
488620971
185386110
837367744
414367522
87592124
764645334
396791762
943002696
75398367
855270133
569524003
328649948
254945652
521698366
651050495
875868572
276242683
306440463
140696794
36503078
681110675
29808764
675458699
124151836
956223082
956138302
622357955
672588234
251184757
506141376
672782058
871439195
172050506
154764075
765288306
986456628
633776927
234479101
680091199
853256599
772963024
172045541
955237806
219835145
327569949
84976478
582822110
265319448
924986657
595399266
232146656
423499480
700683600
240608895
391794387
282526561
939852134
99794715
517786853
130484934
800838563
42425773
42376564
928970129
702465572
203566909
428045842
484139523
767671297
540770053
52087054
455020628
65598879
384454391
980130506
732277250
980421946
769797794
11735729
572407038
615732082
132097794
407580421
758390842
636031438
97220702
486026120
424653461
796675460
848584817
109950332
706630579
70348425
25863575
156408533
67746641
130810897
695116690
377287803
141389141
231316075
843786163
70069710
220424679
950556167
314378724
678498605
300093946
933676757
111161475
712594158
997812944
615091134
213053731
452590787
999631409
791184452
564469236
797495179
618155363
937990403
112924616
289838698
928064736
934502210
990570001
223383351
422538666
381698324
265410798
969562527
602748276
634062868
171490018
99621427
67205544
449493822
272948365
235492492
804750249
294034156
320362572
991632623
222491023
788645956
905112289
652043828
905953630
309989689
991294658
884027545
522207133
451477897
150463095
526414811
120004347
544601804
314878806
178210210
135429144
445293880
548315843
665256803
681323054
850925069
53769783
949448790
918484064
813027264
633409142
183581250
565557193
515176687
392036678
414857189
646180029
764744265
644861447
885287452
189349459
68093368
887762884
682858514
164388867
769705904
357381280
156299943
192273859
512060235
651217956
148061531
294332540
682664730
188724336
499266966
546663351
520253813
927799653
749190284
691968127
490225109
890014980
182270628
554795750
231633566
899613608
747112585
168398120
774565016
320746239
713982015
872332172
134400068
286756736
497803289
100424423
60274727
822901686
894292086
643003676
565553664
893648648
866891296
247115965
649975772
358935725
341926528
348042049
680092223
662282066
437174615
684132924
44315404
556595135
312492576
412949435
756843994
944353303
682109431
555406495
600248737
843179991
800624451
280869581
260231540
504962574
401286811
945901077
189665400
803931265
792188909
684215531
412467171
145627212
941776768
795258539
694009174
175887392
342735123
770477760
466493918
595363695
691171569
581098804
913589146
340634620
907945542
486004676
911118427
428987428
991561780
158348634
576795426
86802635
253500575
593056632
641936871
537996238
289593070
124748772
254712564
934505742
428792338
854200661
64335898
997561663
633951279
923781098
397916638
93947817
842059152
850928601
733685519
449349940
335631444
463613095
695783533
314427012
919404759
100445901
775032607
578368658
187261109
698311677
584642217
25299012
90851281
104632181
21426612
267565297
601142494
515521535
733806796
136108132
130737616
206944270
551714160
63099567
135962897
929577561
194889489
282257950
152508501
625657497
940138624
582800452
889121603
809955945
924297799
767076829
53296751
73545599
948553893
632269046
423528280
214470623
545639039
59239998
726243527
319113051
663962001
590453312
823141729
676008833
915793727
576279029
127661195
893182869
802360964
731380466
580275263
335884299
613349818
731391108
134138455
574364583
199866601
836065691
642277001
789510230
92095112
267004791
720388106
304179136
85802719
790455037
934513895
392220667
483337853
37938437
542371351
493223089
314462846
726732763
225330311
304717793
58292384
53171540
778993964
460908863
576857380
862185718
750369650
678110376
493843612
412943384
457014334
419746773
469405907
632776101
638441303
822307153
31959326
655790471
330047793
427157066
247103066
940349353
878737425
235434036
790419776
514310786
25623004
63049149
919023403
657887178
555817332
26241490
162757493
292619275
645541787
432285370
681517675
531382767
52078875
794156481
525329859
748578904
874790698
468569452
494767335
92382027
204112854
415450277
999284853
70715293
689832819
97059575
945276191
473429498
117226593
478894158
766866405
500343167
201713560
77749118
272258291
137854791
926097626
378828267
106580895
815117571
338149506
701442407
101044299
960663501
68985862
637271238
237367091
42110070
886997895
589919155
373540529
94793631
62663264
454804329
262266135
719936522
760268356
781807064
244982145
194999924
551955547
817576733
701041206
702744978
500423001
681301153
16174298
784339263
992087000
915921874
520014551
104461093
553842052
597310536
162428655
547608277
826435631
844531461
305732280
432521521
271860151
554502006
261006646
713440468
279404245
381802001
269286695
902182441
273503792
217914292
904340635
354487900
291891811
943158868
346912678
895570171
352203549
194597145
309790881
537050795
449276261
549148747
741145759
360792868
59989103
116348291
758029541
140885119
473976345
365719549
664725143
870998010
253605390
324755967
816206719
525232155
774025664
400061210
51637025
909631414
847010708
828716918
61069163
310153924
784683081
864965749
310635192
871840168
525594269
268737965
762211205
485055780
740002672
851225740
399080422
628730702
715083163
862470565
436666119
296251199
762421074
613006102
434563811
769121643
822220402
348666681
998764812
548163897
508064220
483573772
179847414
295508725
833383883
63170387
573600237
206478341
430157598
59408497
183598146
889091450
288018545
431972039
961874587
459632371
510707327
758347175
544236023
591440135
838640233
63854275
352013453
358194163
145164684
643857752
395802534
606888186
83155242
994382063
117933797
72115015
131096292
182062827
400197325
731230602
304925433
689807202
758286828
954744490
812242468
985927773
202760921
798413212
168317858
666898757
889214152
469268869
448931453
483625196
403661122
834423608
955155270
824184276
105014132
269287657
823973585
503244155
60256450
890256967
927876152
761453228
488681558
346181890
72758034
194359995
203798144
870332065
164055411
129142989
105149058
441771277
82394188
808948724
846617716
970712841
620251246
819683012
126368499
148362442
583828107
743329797
580736465
84743710
292730022
609367752
149847480
865786324
82775542
539638846
765154371
291724222
345247387
620255341
147395359
370233772
331075930
691356729
581976438
406812504
441205075
828669956
783558373
663530892
131807251
478642307
674323930
909763823
704121096
779105390
479279511
556883514
997340146
134880572
400614528
618575115
44729236
100625729
489058194
234592038
267168701
566878117
660042002
327762813
778231677
307701605
400267428
323847351
565257543
95357766
827369766
415143570
391563336
833664393
367150157
507048766
600466260
775114406
451681196
948730562
122121685
959990639
131976391
590004725
643005523
107410389
242554278
916517459
767291642
596124453
714493054
92442693
609578664
929114169
185893834
71022786
222422209
237860329
813074440
622461725
368665596
719464460
97544070
938338164
748532046
781336115
24384772
797647680
744349018
593964068
439292480
534932434
450857521
36188387
194686500
505212112
966584283
274121689
448341377
345892162
22892400
287225011
305923606
145812184
720158032
375934465
201854897
200502272
794494220
658848874
311979353
836850611
44001419
108742400
742713440
976976908
345711060
19528139
59499102
575735857
253298868
345032432
800958169
85786385
145358944
139912009
71286844
85795418
162351413
490412016
431452846
441253684
419113739
928000099
939905393
881806556
458145539
203147500
466664806
812221031
402924325
66983753
842732875
986259368
388701806
304407257
109091025
103251726
148000090
320311903
11909398
541169353
828369316
49128859
32478542
661626267
21752776
444749940
387276293
310652642
898433020
816992816
991112234
988068024
688143383
548857671
26424449
780399258
400580382
561264894
433005350
741264235
110377796
699806271
633450599
112410059
679802114
927619202
784727832
626095372
911188196
33578021
255236794
190359168
838471707
320643973
328744562
468075814
69464384
361347721
99839083
754145514
950776322
194774568
486863843
136048502
859816350
338272170
636014439
994275348
885068426
312554272
106863006
381579659
927305826
182011274
539896963
455980316
888649227
961558627
303799854
235472100
738087940
906531732
527957867
493555010
777201249
290148029
810109214
680428502
591208763
423027888
134439508
286497298
381083151
415837101
361335022
781565601
447958414
81401337
984675194
488217788
954246016
878932963
904755326
887070797
293432968
753436500
150842060
172757532
413868569
919178839
740727341
860006433
990552006
345339147
582821430
572270510
908791516
840368777
331509883
529250358
979797793
14962210
768647116
604016458
776841785
265059681
908461481
567643094
386389852
90269687
839267908
465666001
643418433
668697253
147566786
617759742
694519293
485446031
301246912
973303963
116663972
171977842
897396332
954308849
174157854
61522562
688739095
721494742
845636785
217283571
215382822
769860877
986052774
231453092
973996268
298274794
192785111
486227085
80547398
284649482
130947178
133823800
239523936
133630415
555261464
24099011
720703841
913000100
822230923
683398511
233574061
807446779
946329719
775398806
693042979
836574741
541451719
733581047
606292440
517874718
974320358
208931249
85153545
299689608
449499625
956151638
303048155
482484883
689722068
621776903
553609656
856826833
116920426
48600391
891956482
348122461
434179562
716710740
192374850
857370954
553567144
730786073
10216919
248067641
375252852
138164025
140689515
980256523
959818999
834955569
392981672
52693900
244116129
941324621
485910366
80499558
421981225
151160398
629958540
880885387
340783052
576401462
593400863
215795038
898559024
446189209
567134870
554853669
535739044
410221348
952192503
680426444
104460468
608193666
583387968
709559034
300515649
680856003
630630212
813941763
592975698
391373019
617526855
486742648
749912835
258008390
547495931
30131030
71067932
377471462
436755692
71115904
176069375
65930883
785607371
445997400
144876206
70666630
323376658
885059381
930920222
36617748
191088997
309962264
576119632
144353035
74138121
112532700
399087442
50494722
349418740
268984220
992704936
965475368
385405777
757514181
618375999
928949352
216697134
795306395
542247428
567163630
837098222
358760227
879614502
632346701
199732882
189149733
800079602
133183344
549565370
649544191
431310753
29398704
712401549
355829709
351424502
95684951
446440207
716880263
144951551
668237555
745447601
946617767
818751392
780579273
93781946
254322021
407207722
646448666
662805077
505440222
682926933
14414028
994076420
400076777
450942685
880641934
272984464
212623905
948331380
38684145
460577501
737290106
931867220
630052480
32007450
139363379
782033417
983790676
329905105
920555844
814949042
534985975
561342062
838130039
195969552
651894640
180834102
387680525
782592436
277449394
13441807
739362150
597715582
895797636
692461597
191286298
968511898
381399106
401292960
436727693
834298182
765507389
889478918
617127342
237006328
955818047
85646200
115600714
139248732
285655098
329290962
814884308
607511541
881312314
31697313
41727140
295493183
65675133
793839943
415110456
222106444
116341364
358019452
150799490
243657213
16201658
541408063
404483993
175051000
405575671
699318471
106909122
744995248
505035562
106408609
870541441
262457739
717979561
467303575
69288182
974053947
475790453
253467832
400320453
769925289
362194182
262659282
595603588
230609638
372074528
38813572
892006290
533158671
938342727
798973451
663616303
668139355
80894907
728039990
787891513
282712345
212255369
849709521
764156874
872249337
872244494
423188749
114750958
41343972
693515582
362821787
997285586
765325035
450272805
84428112
675406118
43229457
934513272
356012598
556752372
437177802
356381122
392468738
771564360
106782190
456325847
572124307
259881768
937223753
16198097
224451275
353056837
72131921
802005181
641944534
478042551
38301777
546334722
986057907
567790254
634739883
88316507
852861294
703214265
86084657
201347877
334411306
106883829
788244398
762279249
421969769
863613273
224178870
212914378
727845417
401937823
461371329
380609621
534973281
226952337
622086611
323089165
878195153
589727284
220439553
384623691
686507965
759225415
707100346
667119737
702239738
108781495
802129944
83621951
696119758
21716200
165963910
146112611
456239861
225382338
543401710
616336203
156273748
181764171
78943108
86082427
812202249
994135322
545616709
841004419
578391957
192078107
114641362
200413761
365526632
160488980
53984563
794402387
24827830
355805011
135319279
64175940
545961415
675405911
590199850
581772742
15240885
653991423
682511810
328160084
746518479
175502008
18942592
587366011
736620930
200229445
685863866
952254919
508290512
848445894
437172348
648525487
999158639
173322297
329378978
910545098
107732377
407913685
365250991
470996084
87757427
352995497
53376101
329123054
693035872
883148900
781909196
470730817
25562048
708650665
864665869
880860589
627949021
393003499
756714013
591680166
845665634
244518690
732992156
915929908
436111180
625769898
213390869
146927257
318577694
738626116
434553427
860006031
460539262
987319158
48026918
661950700
210658193
831232016
324972471
365685255
721495962
478217548
501809290
158442041
269144412
932968219
420035079
336409342
103620390
981487233
268299394
383893778
473994358
592685298
141037596
145751709
459197406
390198172
756848833
178377504
430851252
100638329
856838904
387228856
530707538
823729118
637339268
990401144
432810854
628738957
981752057
952287201
327827535
563740242
613235418
212152851
529934747
494808203
149406813
568118712
564854721
205552519
564704511
106923865
988438800
397115837
811858046
686274306
287875137
395670523
799016135
146091024
577708110
945040606
790539443
771543895
251276178
780266314
514433890
502084939
733304026
216934140
939702073
642451796
569872385
710206628
37847018
392642051
550555069
957387904
585063313
851668856
659262760
674135198
855156655
133644299
587259211
926870496
717672418
865211136
87460777
510574450
780596677
103979813
107420659
144379429
747948156
423866565
802048665
408165360
716638632
764236239
441154227
514315185
139922237
173089085
501537765
761818561
765597379
394865766
462105887
973055072
386971332
736085997
858876143
647080650
904154809
931989594
55895395
729272896
598750012
856984631
621234874
650827874
914935824
89163059
506638127
187706110
625060807
746194249
46678017
617328066
449315362
979086822
179786294
909988390
592479507
344089031
891751656
953134823
160601982
392178813
960851507
149747429
983208527
654134608
707828315
339683953
435442316
599474697
950684679
637307369
826863178
132828136
895311270
113633989
729289087
133799686
843077235
81309760
82727866
407965942
389327829
726057248
169349132
660403336
999862732
75582008
757360965
84485721
542763891
524145006
745014156
620762160
690608871
483719231
554762256
438361941
103312620
99354934
567628607
317899116
243575071
238771941
989655897
857582480
148035095
26480180
309186725
886561450
965970823
298022852
377179022
402628314
567668653
264397709
155820529
336671376
80237985
494540216
459721029
505200983
207033896
232894561
728886659
230818752
659708709
41302060
997850780
270283914
798276219
326178445
337186527
474436266
473241012
435910512
82954464
188330737
821610726
481102322
541879971
50582871
209005209
340242436
295318651
153593150
602077621
567518698
520386260
440157119
779805968
924818460
349567635
782595780
493432887
527621703
412536783
207974071
170269964
353770397
371064644
840356563
413106302
769640944
690552538
928628819
780045821
490131192
269570832
88102739
953182108
541612127
873538663
778730320
891651722
317260011
608119992
761685806
43862326
363730017
633564564
589037048
536079312
335508747
734605730
389411498
77040611
776159730
133849265
745763939
988132861
662162631
581393212
963822835
498445628
174911468
936637815
384522843
979843080
155420091
188530426
878566979
708554312
196307371
376618463
728903550
935357016
722485234
514731334
449426562
313884807
673718767
656668737
895258033
427491113
891060632
455990478
626635838
934464957
578797287
36096559
562566269
41740320
739736637
184949990
938068632
874430233
816498368
364043412
955134930
469920710
108825130
417863441
946089259
827021249
386914826
360519386
153211217
703922621
27096422
876197026
103572022
482147113
925944688
322464262
381572815
528525814
262182331
394174476
837404086
208293463
792288655
30765798
792094018
288359198
595285969
338575207
123279311
350887264
436976844
860529731
157237820
130706267
645950745
190116261
347056192
52356079
505015732
842337750
15319166
627822365
823511457
384744963
982453213
931193257
659588287
763152130
613445542
316536960
655945239
512263764
401836891
304816193
188976773
368872312
681676060
483269593
857907428
619659097
646261294
576214218
927400182
712488207
220098800
169732754
180215220
428650896
148811899
519147376
944832736
694121534
273280398
725284792
380974077
219372676
577408037
379902324
184220869
54215756
146656201
557297239
95694431
885223893
933526226
698284425
121458336
437565056
379520301
25387683
160051383
643483600
56609391
490074242
955925863
820991683
802768086
289953546
229552700
807681353
396186689
467955138
403573929
474650447
865531088
380560070
34962692
70197315
626905102
631106044
31713403
67511317
522544902
897962388
487753180
102042317
160546469
874717318
437511320
539251683
34274330
846580000
908606688
610894517
445369476
651998421
215274578
946695556
523038182
468153834
280457594
146182210
591476243
194341854
572449072
614229285
780237852
48184616
989729944
519071409
745894636
373955844
536917544
294085435
527210566
625058136
296064111
730399075
904460934
10977506
633528992
455627946
76371255
616124987
317618649
481442781
544754133
372230499
294939301
360077389
557828148
450552825
338865621
488529337
355612954
668143941
86765555
328205079
613706730
489073429
631367764
332647039
170143184
106834932
208354961
505948926
737450518
107453633
704198956
699573091
202208526
545917534
24094284
807555504
360288698
844277479
831006998
85275504
748275708
222804034
616823936
628369840
697544995
371567237
118665911
936342740
592697630
289491124
473890560
122797632
882197715
369674003
837795465
252267432
81003913
479786900
103684415
146941760
282789240
859532448
289042977
452307798
723504396
880149288
859263185
160380336
958739913
485263216
907821015
457844837
946529892
688567945
376967163
459662551
472757379
972697882
836599102
486643364
913604283
296127171
364894036
568717298
384141485
966409086
314664255
732639688
766049088
942114777
775872303
634912005
654791937
383847188
556623389
725272550
209439609
112440506
672317611
399953575
347945754
826439515
549450523
966904529
83950149
911779452
843578083
111106160
589401667
432345512
794361711
186071042
767328950
922349620
533282528
433796121
185760444
581928298
841948606
941389897
44905816
970665610
460523031
967858861
180278535
482844208
37815459
215377945
404349316
183530808
600499326
173036943
478870803
593851076
270021600
726821765
190492464
760429718
319419304
490816040
144467298
671836241
964430535
324707574
78564877
969983977
863994051
741615448
961711148
982479696
293351193
668397888
514962735
642987702
462211834
154763357
590131453
32678230
644148398
18734691
920320369
985100744
311937523
41875271
741390167
444902077
705307338
513691409
884345424
353806821
976546006
458547611
461014486
658656137
359114129
336945325
354934192
381350533
818152569
687015204
322872449
806058737
343751449
602088126
51999694
221910512
696620503
77530589
255737759
512921398
669414914
220579330
492561049
860980356
885873800
218357998
676302505
702619242
304936067
589221087
274909829
178965811
827281618
41530917
924812872
210244515
945134468
787968952
704265237
552899108
415706445
906077042
520460672
278969597
129557613
224376913
166870541
48295098
615890063
519109382
994505510
848317828
109490573
629664505
606227908
538379059
837071187
366257468
476914285
200145688
106763735
148012199
576727947
172829123
79251391
35273134
293345705
790848890
248032750
194287853
628314488
902988987
742935804
517139857
641571434
826617261
981361422
484295923
241351290
73081425
615027643
837702756
612723322
899968822
191929765
630627747
371228182
532114482
303581107
121782992
841127801
357909979
717319266
51136757
433905639
186428811
552127936
731359976
801682438
886562981
469091702
372312800
655327396
182773477
513545045
720239142
396800700
928472981
591628149
953927794
930265857
591512285
371421115
599237567
77533612
255097915
770405518
313396771
960513087
322071011
795397580
908658074
383941920
944575872
195936482
38345163
803288541
18721366
732413376
587653229
277578976
772618348
197223601
168273922
174098475
630156249
690483195
613925219
775626797
325724771
189709999
67218946
904856136
786960391
774686735
988163252
452940533
17086649
391428729
759641376
633524998
796810132
227651192
824861739
812403180
400631494
408233782
272778124
987238323
416977049
796832985
868725703
140027078
382691870
948362874
341251967
984712890
917356207
926312081
20748409
149559567
903338811
805721128
864214101
444813983
916040044
403108514
812546322
522177079
464484666
206538080
467060648
829057159
422356246
849571348
679478439
892789426
515431379
359630361
740919378
513814034
671818565
76229914
632460905
282990134
222656960
626727771
78590841
631889305
629284395
335977163
549240408
148868904
550963503
609720577
357746104
720154188
305873305
985900869
22514840
329078075
802674909
91619361
117139304
391867436
966351009
853278681
487699016
179024115
90586303
22107708
628458757
890758251
615742902
674885523
781124629
513586190
263827090
546250840
416062772
861841453
517411289
380353907
944520348
202881157
395679679
334859132
91593406
540073275
309106351
656178476
770857863
449915821
865731302
819498863
181564979
173819994
205012778
559622217
358479472
153819244
734765343
562519157
417389824
695427534
607093771
697435726
877304207
545260441
722083981
286573719
393550820
276615566
127571777
518216010
119641680
382133837
16008382
508703776
353780794
623631526
255725014
159517822
662533643
505935656
880535617
254338644
262516643
356657896
393235207
725298271
759898706
725774298
266764993
112585529
608865623
10423752
451929505
991462588
781736089
557099556
11091212
574504532
440271308
316666957
453291282
893801409
374552003
497081101
616399581
294658395
355626123
28915780
457530785
880501361
374443773
101359489
230471021
833619357
604065368
982771712
105716515
801148978
801009335
16470594
748814692
863003441
689401352
714838995
478430244
152132572
340786489
272045976
414575154
465984676
426929658
128006715
123237066
51109005
572358682
847686644
703645142
221272519
159052600
625360144
648693787
763231181
820307823
