390358594
199588001
584120410
856059724
293182493
63722679
318546359
229652677
711954172
813769400
540439325
666276876
181186767
43723586
629610336
130157960
476403361
742177331
356632917
142739746
782239549
433341771
734458033
221956349
197352832
531982416
876067776
297433091
738703837
425643745
244333560
20388108
465959477
563086121
731499607
719867054
601763690
890760815
777055741
460850941
544758017
711796808
993121655
793262376
43867148
265377521
386921488
89479648
508637788
967649107
656850064
909416295
727477987
204322638
889910071
40253839
434972627
372294717
765868967
884715197
814998603
189910127
114234912
282614608
919330688
170790694
66847597
455501232
290641223
451121250
349346544
366749986
818975088
781031388
17299356
763871945
496735136
989691800
873918115
504008271
766102239
663573598
225893396
280255039
588636422
984601543
507694187
615888991
505095340
148906569
449112645
54014576
698222536
952030830
964476003
337255925
170137114
718753389
744539570
897541616
743488125
565362601
238276644
716269728
609775185
712758649
76699665
717175978
93889672
517722090
208982667
71280074
688750626
892452507
233582437
920919205
356855653
71557762
814785311
807485248
687005359
332456980
59473323
550114999
181945844
130583821
624067359
338756726
951717174
609522435
537354744
813075682
362066992
787137234
887645143
775976441
401442340
263290001
435851466
776054813
900042693
697779125
336113359
148354318
351769914
682312676
981891463
654799177
667188154
400785205
478913209
689975983
406673831
55206923
971417362
653351238
20091283
490979962
952117614
118608821
245329731
991520019
422733332
960525413
239036013
753375501
518036758
454061255
694450325
585416686
28208968
808545703
34937127
47393442
241337365
262488672
327090328
284651262
231289125
124566715
638903404
940736830
273234876
886675729
558037535
78341963
610188450
282079636
186122263
360846552
307131891
137772100
990181423
546384933
982446831
517741776
109558419
765733953
575299994
45003100
581747461
227692442
314655811
801526418
919244644
178714517
485804718
542924952
91467073
686585307
126603673
55813299
243426004
443081772
151710376
35685411
701106432
500652518
900126952
583456642
402232496
606676989
702270682
470578643
854404536
94210513
394756483
761567946
758748827
805913276
162984395
847856626
563312757
771346757
195875177
106798850
434768540
736024461
256899477
649365985
36278045
726719609
771884739
842212499
340400094
48036083
932171376
309695877
202844427
787701764
759331813
177709623
509009769
566962836
316266011
498254736
563180502
115677973
467897582
940322500
206823081
940012912
835766617
145037477
673625124
777785795
587475749
782236323
263011617
272976478
938422308
56844064
72197634
199937175
876914495
660405477
381895074
184226403
488158923
66243608
397826741
207388666
857418675
240719221
78392107
811871691
451013182
979210614
228437108
51968100
312402252
394343533
657483209
954696554
582489938
464428496
321158567
671189068
544312762
200603825
446773339
359938984
948276850
783410382
440738624
305988849
541904620
324671793
739299175
509629956
302372738
399789755
581413306
800333618
306109312
873191524
672234434
896437351
426193183
267855655
893440249
658449480
207623343
549954761
622829883
751409486
373651302
33355941
775277181
263904559
751483289
71688468
599411482
840895138
418566597
738067163
403817233
576176677
202275096
559482400
430004157
749388670
347506178
797625017
952419253
480492257
992681895
415349939
142168696
507682098
784652240
247571099
131023867
563177960
942326963
770497440
570545110
241246671
177463641
539030303
196407909
720761086
84166797
751989659
432501588
550070082
753935863
40163474
253930191
939854310
559421861
433533377
284315786
854332253
840002838
992847474
282845251
873901652
948017162
247287720
235780649
144533958
407139643
68862434
605438430
821445398
281276015
945249901
197554882
496477917
756785973
167129277
226200589
57184184
400938604
496449761
629256325
115625097
489607001
760864256
130887311
106691921
715456240
247265277
420218768
337642207
278086132
686651851
145952967
792999193
510347355
13131609
761023076
162378023
683410320
545830730
14405666
823400748
763410171
445102453
373491727
614219679
666021104
198083082
978786043
403065389
816916270
728129875
868007580
578200963
736966029
167184698
482875852
101459652
736485047
365080311
478265065
578025238
787502972
21544695
154868545
577182178
143537222
887097179
393025806
825001912
745979571
804345840
255843645
243158161
78778704
497395696
333697460
108357238
290643211
591170239
492195574
877134079
620209571
989443274
15187968
888202323
481751488
426042500
295943965
773101265
582335662
940774638
200576784
706088269
108490669
95987536
661832418
354600264
682339011
406170350
882036256
484614631
425538221
101617485
686072219
133665615
891638309
242714058
815545627
618769617
758119381
617376489
187694899
343478785
164411521
326410922
548501155
638475426
86924358
993212163
376344384
269946089
933286687
538535841
642414457
944074325
825470664
570976578
960680923
262682975
547118250
721833597
361839106
904940071
98437427
16141443
702134334
27050756
206804908
969017131
560676868
546115005
647631598
401235341
477951336
908794103
174620605
442476342
997370761
136703332
766632287
991165478
712589800
86760745
418677723
119927154
509626730
284523254
160699099
787733237
192175638
816874273
385115380
923886097
54633638
852433103
548773022
201295890
742161805
311050977
537512990
795074666
742915582
440441735
80891959
180201118
936626642
671486014
947381255
971016225
979089782
40788033
60175367
759002543
245145693
258673016
594833225
221431259
197071743
689587205
104741158
555625140
579971010
543451883
420263112
675910546
751133140
753625052
498519534
575237434
329963020
663301342
233744142
637251074
959857010
361227799
895860171
877386093
223057233
677996907
632006802
948965082
665936654
432748263
293189676
241506563
269022394
840772931
953346918
384450367
389310011
442395513
439989291
788548361
215503672
75278416
975278042
460627514
448142067
701380757
226782278
570588180
376178230
302753488
215105768
538283182
342186068
389736636
746161416
311364397
599154705
928939585
172631672
913329605
793707882
500758298
230994911
644679514
151596180
378197739
206415642
870298534
138939638
873409817
457882604
920655979
503153781
906960663
812312352
88916330
215466260
145088890
383525070
690102915
489916777
965038887
764464230
707654539
791017372
941333813
425305193
94175387
255510651
514620093
726259144
870002559
366106871
667209507
349752099
355109598
436279362
94717512
535229431
833088708
742394693
345734233
219381393
267841002
462352291
139419872
287923486
860049685
938928560
880259627
987908677
821390781
854326690
100590305
822290325
919135100
656107966
425322424
88489714
712269049
196856436
368865279
217611360
184599060
57947451
107548398
869727275
714533891
889806408
80847893
254295968
217463678
58604068
809391534
626374588
63772896
732190577
128667225
515555662
653677366
192263377
855469833
449327633
64894716
37255401
597319323
383838398
711849365
691099042
757581919
931388445
380774629
513529273
827215902
547318600
930342210
977125620
855822819
281708875
681140132
985191200
929494434
855350023
167604995
143541958
525762777
878828808
943268482
927168723
56653292
136941790
971450979
284600075
399451170
325373341
666829705
884294795
518547815
720422910
501570045
353914504
261664153
93047192
207307076
429698656
878958466
78250047
867680785
147582714
511740971
624966896
273712699
646282842
809774978
477880034
281137824
400478693
583545750
620143956
422201586
293481044
474202227
958587106
482400312
574123156
625444867
236697907
194181584
447293238
226362499
968689336
365282866
179331047
749820612
448777756
384963249
847252352
625480830
478918778
795161236
696228982
848933138
869364020
51149116
762239923
294211761
524551956
18480043
179873638
551404461
639553450
918439447
352585043
279878084
192266732
540877231
677251519
389469548
917508389
26111874
656268802
770868956
68499769
813921356
551633445
274435617
857262232
260280005
316354988
771058718
777710162
744251705
82209014
494571862
349302994
522703905
285512422
785489967
423505195
114088832
315461581
210919182
786343011
286333827
662214454
832015381
180554469
430737174
510022260
205099846
409037231
576604250
549179741
629596317
251599354
411354390
810365723
581523478
896425838
713607230
806067338
526627698
248269416
872370904
451243238
251718716
451011888
674938089
987675712
680630067
850687754
608384899
675958866
422688687
689994934
895356525
992651713
827830636
572760077
907425583
763966453
520366197
114230250
566639721
474795167
68327893
321012286
708580585
64060716
736231443
11091575
569154588
361351927
142070083
97395410
554083293
263532712
156184913
932583956
547739780
438080832
233532558
447788769
854324118
703531692
967397765
684306146
614318618
227973222
917435177
982984595
192222643
358748700
27952213
620437897
533954547
735062008
875252912
418807254
480040187
936120738
154221317
153463409
300793052
525157650
827808162
128279345
661473010
219320821
416836851
920487758
401626659
373832197
611291712
684416978
36627248
882651772
882952017
73318454
449019893
577124781
256240290
432912216
790227407
381963628
249996975
978248995
157617343
497061408
495076631
729277131
530555259
76225214
125185180
607376011
410401143
418280279
760932708
522978482
920547068
398890372
312600544
393741766
641532334
411580476
843641771
545025520
805181804
451640757
525414816
980032649
107262911
397505421
426573876
442985219
993947007
960770506
520768240
897805356
99585296
599317190
824875434
115381526
864142825
436576262
806207046
403780002
540477807
181419006
188024512
186594029
15777171
436184821
439843474
85112394
105418564
626700262
711544394
669006442
540044804
291273207
13866879
707127138
395469476
361534139
693828784
313223673
514089067
217688318
342199327
804640449
630331109
998529285
812056174
619224088
514061600
685479232
161510697
949760031
638108260
997808469
260765818
844961163
883078104
316090836
325606113
987020440
547546004
455422187
68141750
279724153
381797551
669694265
872702451
379090759
453770546
880296101
976416871
512423141
994950640
967087705
479851206
955115786
361911651
805173525
812701857
854744301
818944001
558354000
979978365
979853178
278465478
951526280
568192709
880543799
250888812
361059366
557358432
513960123
813046812
812279779
983919188
963749689
26680258
340434101
707779584
673655069
53955581
848384073
577266765
896857023
973003063
843706696
157953167
617956247
377912370
190376719
996279329
630421244
998603531
962506404
738006903
806566473
290088701
270156019
182925223
449615817
58177115
533635089
24308137
387163751
633699690
949810588
249531234
760268244
698818121
744488110
753151483
446631372
169795710
485701276
353229148
306508114
428340471
771234986
625963478
66332784
771628664
703644887
25981365
102960003
903378594
92431354
205410066
626681049
809659400
770534036
571555928
731372037
234133940
71842324
894768873
97586246
866697372
490932539
838272875
803787621
558532818
414048006
628327579
701166861
187288474
190817282
382467487
407342353
933034971
451217083
892190420
875003778
59578782
764000427
98072098
717381113
309457898
630168485
450060845
351327771
607136130
123981531
650734930
800199452
280211977
96311710
279809799
240986588
662996644
32872852
934084070
785657859
67278250
946682373
92350548
688526338
328386141
589130757
920965887
628892220
911760661
307376630
169198072
602063448
545324328
39932112
219823042
792248087
113634166
193269635
862899542
429427005
305113892
176002689
494712290
92578394
206549293
606629554
116040120
398961257
997304092
706601673
237703017
483156247
840447225
865908546
619871186
729915341
488874362
327981239
825012949
672223140
251717717
445535844
510173945
710199205
990884848
557847411
417555707
946672557
950675875
323469968
607543155
836062413
379405277
520004453
599756359
46466445
455115143
448630609
285968558
186884306
828843140
616055615
650268634
798954026
511726749
797824101
285645014
698029138
274396128
362556809
468527010
913428982
834955639
907279367
502127867
524834038
724126918
163036124
604088699
25885564
793872893
976210884
368682232
627213178
434310086
916561075
910091113
795527146
155590367
650460010
727347069
981167604
76794325
592197804
338524117
421524669
514282839
589507047
865101902
752668169
400249201
341060880
282496892
818794914
445144185
180189834
51769259
924312353
861772278
420822406
537561201
166039865
245793370
679318874
703548646
744513172
937157130
75679716
92131454
540038883
253631745
208223889
697683346
918747360
233044996
474856079
543325949
548095073
291387761
374443237
643065498
444062032
324256158
179780281
763115300
780863425
939258926
302019536
459064833
987674448
632415319
890560358
41950245
927983615
27127365
254618524
520320693
343885928
307758572
141936393
715712242
542610941
291443274
847756658
594818214
77090303
883125962
336894549
405265238
373053594
774312014
935649673
558921782
287154640
768627572
487301016
900709916
562744831
852195047
831730571
69319592
294980316
245050064
449000153
33718359
35595625
123319270
780881744
874731592
645688160
42799393
384495580
64645381
531934220
501090256
769310789
940138314
657038509
492438631
159741218
482395561
440074405
715170815
457754149
24957501
89857718
957503098
890156079
299528041
398468261
462070982
722656927
540526593
522116597
503458021
466204749
324202779
336327844
814590530
30975581
560420666
518720068
900817589
845582445
396808758
129910143
641061937
705130276
888339732
191609124
867669301
417443062
519605428
833728262
560435320
657925309
788363065
539273411
938197190
333228103
42320062
326552644
720144413
571705606
292405914
801312007
528334938
149359363
746944446
958686820
977947671
634629029
948634619
555984030
161044888
961041843
573868980
352322637
98995242
706094033
323577159
382219670
595681341
911664207
111691289
268841538
682012700
71404363
525953804
559322954
497628606
56526019
976598667
363506041
532380131
480888231
934312806
855612906
244083875
318126010
318998318
129958612
248628279
992929684
815050236
646733082
536233801
905104272
349606466
304983671
713735072
267491290
515311293
203580913
314939522
610621135
770715643
65559026
131253401
75000138
145156153
668041837
999625541
345128190
803052226
285635980
947267822
237680276
566046716
868719540
386687895
94376726
342344858
593792179
135302181
160252344
767319899
754936137
896786157
549965038
71531937
859004941
632221114
504779491
115587751
120054523
236950872
728786488
886679973
845606178
602094877
89907219
636389498
325209221
641648145
667131763
911341699
838328726
565158731
468799632
286422506
178792951
346174657
936200583
115377617
772202892
965126659
234096179
791437495
78494562
393362640
705496747
843275944
843808344
487792548
133638106
872961738
679336731
325275503
750903930
789283686
631034370
695960856
919899047
516972584
356756580
163261768
234578146
724898530
824653232
222177900
555369590
398081003
682798325
328747791
365836852
665307648
799688287
105940255
734144448
560918883
350859360
768382247
964228576
804344643
709937433
427068326
633885435
337472075
44137008
18218942
326280937
249469687
32263946
947111454
456645642
632205644
182155320
947714335
248867052
616898213
868382687
915886939
286895094
328347021
273033414
477689696
774365904
387650209
705862166
842784518
155678328
480304251
808969697
109503972
750470469
133661939
983578804
346620619
529595878
932647715
776160189
792211031
364163207
288832008
289331011
934069893
45617251
923815881
581065416
304606565
510280180
866985793
183164025
590844508
626608264
109724073
135364019
431897837
374979635
46353586
742750167
740465937
919326363
173594156
301933321
159317234
23823168
337980570
851542045
715616518
721061094
856563590
500673852
154371277
121740954
409150171
488702819
895642622
419024685
554792822
450425169
144789268
217121211
659343827
399064667
77723466
78623346
724503417
927144737
503486800
842615077
555084815
34652593
737232476
369836014
50828768
146062082
115769647
651443685
850450330
585158215
207664335
305939163
842842143
432312992
320441355
931585163
814223658
38051029
67570703
980363231
351337655
95334702
565748170
627492034
339462231
39988774
358561268
693052563
984255239
13454115
686048120
196890769
448702068
968154980
93760660
664129938
531400767
592564759
885210319
487614490
816446485
805015308
967934282
85258169
312967599
126735390
435021943
729717182
869878125
996716794
182119120
945790227
166184421
356147810
225632665
839607862
444899476
647112958
549328736
928008159
796939819
242079125
562952450
255716953
923346035
137722733
880103803
607477377
462896138
794957692
446365705
228242421
549044593
625731299
916372155
338309893
906706314
221383351
907035544
272356410
274282906
318316724
610265755
487642253
905392566
587551003
512529772
633347006
252689096
35326902
690499403
168932406
978264717
484531493
413870798
329624032
169632689
695371649
358929137
15333655
244935949
80002404
779372394
837129291
520479058
782847772
662715066
361693105
413901628
362734284
376401342
778316072
683621326
440551618
627381517
342359031
516221471
791769150
776688453
413275703
427929590
976108551
162099631
687599658
153719110
653180552
935422764
779185416
98735196
277595059
505423521
667556497
399632873
986019978
548650581
943693941
592768711
371243744
158095431
186097666
885949243
379285737
497939648
30071107
646902438
973602810
169356061
578533053
298934227
251881826
291662495
640418477
160005862
562153253
36008403
275966995
602430839
703629347
29367569
429786129
600339593
19691929
712624160
735663810
589516503
945186574
72735878
612956514
962154912
113549282
340878129
957626659
299122108
636452126
655377675
349981538
189981287
628407755
914290727
931830335
507590752
827886793
905576706
162188634
50612228
261996848
702264157
866787922
622660263
16747238
461088854
701557552
916105846
902160064
687863204
599290917
464390488
349626607
94460832
713894662
708533233
308699488
62405826
483388459
269654514
236685390
806770082
580264139
87870710
436785061
752625699
199353081
233304838
767295247
543302244
59112635
483897230
529938829
727794294
936727517
235229807
428374524
874957151
312189393
308265076
438650545
12166881
384812024
903714344
366370590
792113748
56870576
336641235
618030145
175920989
429036214
228575354
218870812
78578381
186587911
850076694
726578038
326002793
213616815
566106131
524799968
264440829
88312788
990821948
424287940
543458847
698126455
947067116
598625727
142142042
572517644
775748911
295633400
925305501
879807561
743528725
708664023
543847679
606150630
372518730
242704948
910996115
37940511
443817770
915138717
433676387
639526121
26011764
617806481
303211930
351845067
713054858
70428138
494448610
692956838
181956858
220722303
59747429
909521353
844867430
765083194
356369019
66321078
901099372
957397375
71817832
645678255
594076396
284067664
778359009
482983947
993622648
63331361
971762174
488415890
221486476
912118045
922385600
664871471
85410604
376640130
496249700
937245595
862826782
738567452
331327989
495833128
967981435
908437980
515687375
645834978
181760876
718647457
485478941
392311794
640852548
825454853
141143734
485165389
153646490
749708094
82475730
746038291
956535327
740320623
424608073
382109825
694560173
97673992
534914620
412560555
649645127
23646653
971433399
670458256
731514812
977014109
675158368
656392815
913791280
629000060
588381543
939827133
250759646
444108391
792837596
127379001
607099402
601675034
576380670
347858332
50052189
450397193
312032631
676823797
257523131
511134000
340749391
137844581
757172957
920390890
735304977
325997375
601319233
178687503
273141880
608455229
433867268
939256508
49462920
413410824
91488747
161872933
642674356
76674300
376953077
110396932
960822293
970753468
979347429
876640615
314607723
592518003
518371986
830831496
948941599
438264495
914881182
607667149
623297216
15255390
11630583
919469579
220433670
678163588
568037249
813748388
314954885
16717796
960787692
244069206
849210737
364508924
339454400
744903468
673398892
444872679
592738360
11816283
664198302
291556033
829025216
735251126
863400238
191677370
675430415
558524081
926027419
788264234
885830677
632034010
432730501
33379199
903000939
272851511
337005085
199755126
558194625
446612473
386681971
169155875
546595691
906678032
908934265
424125898
290655642
963090401
378901008
880795826
725814568
564864294
124161199
573183810
748513847
76677804
832797096
67927250
214754359
565435411
830593995
975258663
78602832
465268366
565424285
43027763
751827810
805448657
194887119
838604570
769623089
293244163
57848870
189727459
230046264
187879955
709855879
366826436
182478525
842758049
626560771
883225581
388631258
709248580
889737821
263110078
433176079
324218562
637356362
174083661
179541676
828228752
122870604
549160813
334267580
212461256
934315300
315058639
819238594
154696156
569374891
692498779
317345035
148859365
410234835
781640095
94300420
968550365
131680998
488424533
702662691
980470056
463805572
295416445
787153577
959592271
612828002
366862121
856161887
888546532
82947024
701459694
333610573
506192713
429949938
27656480
48331338
656974210
140627011
39536038
692718899
889297638
188442044
269436406
789657072
392272433
755647355
759915446
420882185
994004081
832276829
343489566
856698738
139708920
889316907
218500619
950999276
617107332
939821664
965249788
225467824
88776362
264524618
407676285
624221068
312940168
173433936
969472948
545825513
713179072
468705364
587774732
942718838
525252600
105479263
969370833
16094199
835728277
187463929
457905288
674086963
318524432
804986615
351783650
984682045
891489954
227827596
271114680
775762528
986865161
220650389
358033693
483869718
50104593
784782400
696819133
946301312
935454928
797880361
151640486
430075874
835189589
228834633
64508364
823529002
300810576
868555433
514629892
932237330
838016291
980798303
998145918
792565714
219063973
333743451
938190458
633049969
629950569
722636845
155267201
175455830
279070813
983726998
530945095
621025473
93934898
425445924
716182821
27915317
261589699
162632948
577247442
936713358
184615058
659166118
550542555
940080187
787363320
211705112
296294105
597852733
607536815
886056006
98111846
695088686
389722185
783619790
325435295
711693578
297427157
735211314
843330192
904387304
916079191
453811104
624594510
480916921
752963218
349043637
585436681
598301129
950375432
13530909
514404024
113166625
103595189
761558477
549431430
296423964
23578402
704625856
373906453
642278298
117116789
532648941
494452822
528328164
662331301
623081695
722875618
970648375
157602500
758190567
71875609
549001566
68158460
127278145
636769187
74818326
699138362
553012858
474515419
664856470
549962525
923942743
242609984
761302374
129724236
548930764
312543113
166210657
154394982
938102676
296727447
645812360
898116707
338549671
431728745
814289030
226198838
273522126
316477805
865485707
677532373
501890436
523428100
330511039
885366872
822118507
594313178
587234733
27195937
851718510
837616990
35281420
539826056
390672825
118033445
910220295
635658212
283080067
95945893
453180016
235012523
543579566
441719731
71023345
940964808
892890363
721508764
425714264
365084852
344425441
554543054
606359906
113302666
720029609
581367024
641421453
672147502
533477575
298212182
666741792
680642096
334034745
179158084
839921261
127690771
625714980
756408890
903886975
347274347
723330881
208522498
893103438
73799431
653900155
507190787
196651755
613865858
662443901
637230413
369434924
556055865
375868745
681967024
911604493
617177981
30417785
814096152
503530483
933460215
741504287
697285666
722296102
377654172
769151025
617870601
107106785
387957920
13835953
16362185
851203947
130947815
747263958
349497185
108714422
850032477
949234711
325968780
543951405
885433729
596291278
277999096
532493052
588721864
963225488
814302708
784545206
985260543
931318088
288335400
766315352
704277380
661283949
107742237
888891598
414761275
450780146
131537685
727086851
675148639
381486791
307466752
383441178
49361732
220518114
325626988
10580602
869621052
808223466
833159851
199573734
902971512
467686164
493484454
882014229
173209355
571332380
353284065
608450525
43945928
114313847
623305819
33961642
211235125
569887630
918802009
872321799
217639078
523717424
701996335
509086816
188980291
841502308
85038692
666579588
169124122
334343176
500961375
484666361
860483074
653091007
910136002
58629862
642870789
958226019
67567627
233980754
285845847
384623716
21264603
61753171
255402613
283565069
325914461
980662153
319714860
960481685
290625488
747155708
144949682
646537366
224884185
323677899
919127669
978177158
52682489
160145784
132210048
217633945
932282371
637174595
784713236
813843595
774461093
24170594
952682909
720861768
603360825
406955913
179073552
545479674
493628612
120117924
425213072
842177081
33809266
134519944
468661166
609800275
124249804
523966158
900335518
636800772
561555937
554260236
530915257
51256549
252737504
382570413
436309142
220330395
667896286
348570279
99170652
920993672
865707151
687002133
507597601
919912937
668054613
154945757
299347627
599068268
314216217
425151724
956250230
826666567
487826656
74343983
474818385
707304411
526254170
261237955
174661739
828362554
381428663
273711714
329049034
256502123
55860606
163216086
417319493
243535675
805255984
46093302
367635893
772932160
648915337
588227980
73669796
381219485
84724859
884498664
164415865
750234667
405985684
427288895
478059679
543776903
907147616
51742174
353823127
530887408
507154131
601067420
287315254
632136947
389068058
480049787
55058004
964047735
889735039
571527491
236384851
751317611
868475424
247557446
99406396
832178557
960239000
162013791
11770870
354300444
71657700
579426641
830016554
794454312
420852843
54516399
744980317
954281108
317947842
395104106
665022252
347545276
142609102
179149031
115236261
20508753
618030620
137171243
418787910
318136581
202253407
318828245
87337267
42963378
791987149
809487904
368392137
66051728
211219310
731978414
842088568
956222935
343022265
706386730
277179735
858221129
996597243
247719631
681312860
367530726
620040331
536139107
713644595
91173802
801874282
940819024
326874808
27105648
764458968
351660898
971186868
118950668
462357836
822668720
745753724
200296730
111287164
673534912
244259139
289816820
831939200
531969657
420108461
411657707
357633761
375660984
89164127
606963299
595822560
735311969
245896288
151229586
428808401
161076341
243213991
451917350
273195533
625499982
694905225
488132126
228045091
624639957
551921481
835459479
273282766
230327795
382710550
542884948
766156933
270540491
722819440
527736900
204742046
908919357
678334155
383872440
731971172
372689605
316334015
703106375
599990501
857387866
720758653
953568096
887465898
677470685
740730076
692240324
721822397
362915918
72033386
491510549
224055781
224007602
769019067
418074968
107677754
762250938
461059207
514677485
399905738
571691052
655076445
568492979
966176434
130874130
738849343
655384026
188382107
603424117
608262515
905921365
173167011
260876373
220709375
818416021
149866437
328351003
693422793
562190912
656316311
220326200
331623850
591085319
188286797
796035053
122994182
379179553
813589248
520105482
937058079
277154521
496475546
485277777
995798925
787615350
358512719
674041602
797296657
458291093
645044247
93037978
917440974
29084726
61096335
589863014
754031979
831263664
232383616
541520193
359294747
418291663
819031438
518605932
639301165
109789717
389759826
342855846
427922628
649470429
188062032
986454288
55343442
105666317
971967118
432726684
814402432
557543364
39634365
422596679
936632439
139180159
876087375
908863337
559608499
711811235
366088159
95080335
447670441
47419910
217742562
25042632
47110530
112098777
100279204
402495572
53851199
752653908
561241411
29428746
131074423
760766530
624802720
523922400
389089956
942400393
19785337
254522051
846024031
180765759
229373355
847390975
548590937
748957681
184858316
695787559
793952793
570613834
787772668
597343794
170207262
645648870
309884146
358810547
289871031
845888502
479491969
323162090
540986904
664034522
163449669
57569849
918237086
354193614
430328498
263114877
28761988
493650038
933740079
955534438
526465028
509416632
636075479
392901256
566616010
222000145
542405473
286579569
460232302
152383450
46770052
960056173
912528129
139901487
10144539
472838735
474550062
494152534
794150877
569191190
920688878
273361320
991219000
344004049
297957807
258509636
176434134
202738976
79396720
703102831
67755463
344426385
973692485
253049779
287712087
529086957
969549854
539700808
36024033
159677189
145980462
674107608
285692672
966120977
918144380
967362341
468106552
97722647
229447746
546975460
445831211
572477420
510421727
342862730
480727352
804647938
532005266
984640782
312934072
578143543
750232370
288620267
642305913
290436391
716430509
960078718
234416790
456693707
663057826
210078607
776388790
96645787
153449045
448947274
372443909
954261295
988144765
890671059
713587342
688271809
806276271
269553643
33949733
154616491
198853388
183855031
400250713
919339372
224513214
137744305
613530779
728020551
579966489
676847131
210807498
83864043
103032833
796447924
627887391
315737156
777234870
319847656
387682920
887183834
411374162
734423971
394446237
686456869
712608611
856432621
789043848
626031634
501533871
167094889
481987914
82806074
400357555
742367870
712188180
706741571
448766610
335588605
230169194
297518849
271608969
136708898
842050157
369247545
650503227
410782327
891773255
892237836
55958551
493799922
445822725
21495084
471042955
177465678
464921946
326424532
255572065
408881697
397099833
448534024
141269167
331196644
968054694
418025737
721785441
504052340
847399980
88102772
974024783
410505938
390908756
242199694
611480862
906545879
502278818
574726745
91629355
951675623
243291325
125864853
360635998
527008782
26069879
457372534
659850014
243089609
525618734
720448353
662661804
547378807
347230349
478687347
60407941
480021916
73719430
336023601
16200742
156704461
637220820
962119952
409318534
264598586
199623658
385408628
488513300
516576583
554743298
204493145
942250972
153823448
59545005
441454943
951099463
837405711
604526489
891243245
876892341
642766818
350925937
182232796
489596755
276174378
840641217
513093885
555218803
231109675
733374779
879483798
24740326
577964707
709163639
419303351
957976960
413605105
793966531
82533842
23496398
607599630
165470916
997388016
224911514
613313878
550839154
300332833
32075091
808370218
847971652
584195247
524208130
557647638
373236749
185516975
21884348
346462087
436370600
203595258
392478748
709879260
48954447
233075642
984922373
252266198
871704396
254095695
360140628
626804266
921908582
643074314
520666672
208700677
420386120
137059465
636954687
320907386
938968688
722061075
218257676
11369195
973964447
326011881
622590576
20041397
285646250
331714385
592696281
908158062
609630135
947333161
851069229
583145338
274458034
284459825
688743014
57559426
617402645
451185075
572437915
234524344
610792674
933946578
988150101
467369184
249017045
126903171
860533017
139335760
930476151
204357452
114759315
255704686
377701327
669159590
685203845
442517662
620665552
243446032
276207202
795512327
835249612
676378908
716463058
382721274
491248116
605781873
989418186
701556402
820533183
698555678
252328540
71490365
737950218
313599748
559075551
464530611
918560607
358152698
643544706
22358426
805067569
472458906
364954223
408030686
793701052
502963453
951830278
520415602
734328579
835436922
307111510
478906897
202160796
196310166
917542613
925894186
87085454
537372828
768851614
375165041
417124558
902635973
271182472
695055253
671202651
517835673
182518415
119809148
799024010
526935239
758843803
947635130
445544780
49844591
172121979
283196853
368759141
35118361
576833199
45319645
36718347
386835784
180296817
501270292
151774367
30447448
982290795
441216826
114657513
986780822
102212142
539994315
420502327
908832961
567025058
936325080
607777780
285573169
240160311
851658626
967426576
398982315
391773383
306210838
218529570
166783005
175195722
72605793
41321496
21926657
220049072
489051019
365989550
436567693
906711568
124599993
705105683
373643623
334522086
309933087
716460138
720559373
230653494
259202475
755488113
687401286
334533387
749069945
912119655
260954198
243913658
960952071
150610146
193381749
736296956
674760180
379888745
882512714
579232277
159035985
134657461
644823100
670564442
931091557
479782082
512866079
341403036
406386006
716891255
271801475
416819114
132663920
877639208
620171044
18056989
79993666
931893614
61317667
135320634
673271399
639422309
905642498
701959758
578307848
844533016
662702920
436251322
816129241
149843163
224561827
653708442
800025352
838318854
64557016
816576477
126184089
675999877
34131096
469517158
534665338
227056968
684535897
530926213
512710948
556845922
398922982
334045670
960027468
209155518
572448534
530798954
216857958
998535266
654316298
166344523
700675773
580418199
737769137
621052613
767866561
241882031
699440743
464629834
115532107
92566125
498149088
402334791
439414477
435915487
979577414
114931080
98394736
792403727
747787844
190152225
208155428
334230100
74243186
704315680
710257377
955431933
381656185
791045987
556883207
875469675
453164629
268034447
916880425
56894290
621729169
660240454
792934705
125064242
35237410
98555836
793705025
839190445
842492665
654699644
556934389
317617489
283256730
880970518
328878995
465486339
52854020
620923072
569856966
357704887
535443126
421161676
621993366
953176323
369948941
381015589
216216321
203288395
650612779
161557480
264887944
391250048
460356319
65638947
110252110
303866742
769764605
941353166
993257629
309159944
509777669
141686082
678553568
272951052
732948639
568672231
259802057
414650452
733068522
381202456
551280424
863823871
998322835
600804300
977313583
560872078
892812873
621748884
264058246
91575707
234472984
72845655
373672269
93788506
687431423
911388172
453569802
573009290
70185773
320859986
726347163
449310375
410116686
759159260
327279197
230373594
685175623
972618520
428782652
882282317
343155508
148112266
145103400
755695999
541728615
290476166
230246308
86268519
685549905
644470055
995835024
525705755
749513752
176326618
721063031
440498031
520448999
200671899
594320090
538842095
591889554
303073482
319078660
739129570
763692173
92745110
979686441
412633109
517509850
906062787
216972378
174519565
312456648
458321150
823378770
79259073
503077821
463736662
662198072
948039615
856206540
202945410
969755993
45376014
49156652
450313004
756734362
566002924
891123623
973882586
758551037
950903889
273045728
381540943
309290588
28797091
86125356
218397009
724240909
122584446
741223256
964559843
101330089
697651806
978958921
539335770
583642049
45971301
683196240
938227667
651593863
971269458
132474332
748261738
474756583
96135806
856902858
639048279
792668445
317399216
971009831
676390963
15211892
660101669
805028570
592598960
201499728
279582287
36583481
660988683
350785127
54433252
767011387
716764888
771274294
113978563
364357296
355895320
137177154
702097260
941597088
541497619
894730557
365984933
495681642
374824025
54976986
739954698
703920312
470370200
219641162
317476294
331301228
991221182
215075004
209122757
301059831
354702191
60542849
678583099
816134202
374794944
85401722
215675272
670627215
728783283
712561294
977947676
244329394
520279105
991858176
632978877
26263222
997839895
156908810
49706732
548704447
471696328
816145498
909937759
738774278
58441518
14851356
921045559
139881718
247065052
602415704
224565632
663639494
260272199
202611400
861044979
277516342
576671463
547590092
529651572
399316477
206651771
943460322
805281184
828305465
132380115
601355983
203496618
739676334
565117253
539479099
777408683
697298951
160514319
301412803
54183079
451715582
388729187
701684712
483324760
931895713
898320377
899313434
154065010
407892858
349289893
127472841
484909907
429898360
49670208
380739347
328381279
356142644
299521542
653151396
75914835
673148827
479114792
723855908
188645089
16117860
656926281
204607695
284645464
378535088
769674475
437416950
60321714
712794314
411332959
166657101
644290555
925490664
638827277
599430724
288252771
358798793
914067761
422870006
769820913
655141702
319701656
264256539
106879452
562374719
209420978
470286981
479568505
991038438
855807010
881357400
644648909
864311498
579063523
707446549
441011094
919425342
681747824
426046551
195314709
896137719
880153551
880684609
62697805
623727453
814320585
257212537
150412495
790164647
614363239
761039009
857775347
223821127
972736889
648123136
80711396
433459447
686317654
499971694
871182548
790076090
661222382
476714262
727098959
408548749
263927573
725566644
600935968
928872814
82961543
142054651
712968450
283943030
382016116
905935158
772326567
187583599
679454979
413194729
752691129
19881929
322078234
586975355
768737615
47876146
415930766
565113182
883932687
769594759
650480859
725479712
50090795
935858787
665049135
572410987
595827738
909402086
687501289
722947324
410089821
973473322
295739138
545680428
227070679
991202783
59888798
903288420
10847853
36506208
994231761
740481040
235327517
762397791
303300919
493729851
941102018
613685771
412567409
274875623
744065217
893766223
87925941
244370558
269312877
549173804
265464117
203101352
154305084
87629703
805356087
132636273
276867544
56289041
744277090
507599118
339422492
996467824
164376828
258596443
673364817
249398737
313852320
28768849
429620031
714980341
516167128
330609458
467131416
30728138
755801188
127538323
541713365
678114694
746040882
150537401
947654351
696118209
192421419
31843521
835575217
361589298
744795813
192091170
686249612
38448627
405108303
429061798
46611808
702829473
397183205
575538303
962043630
702752073
214015018
641428585
856150634
86004726
954306902
973205439
898762435
198757982
163257453
160607304
658178369
547832266
92197919
137716716
82334041
768484806
706045925
254009221
107527480
767010950
877639248
325131796
928507115
815484439
122976025
133217189
197382266
827708918
305006548
308092450
290847311
947376270
905138550
479197533
394818437
375535041
568310431
152412838
543496100
535242012
733693402
376706563
660674667
424519540
142598224
632264872
73357181
846632172
898091983
582779938
971918692
219346643
179337859
956009546
961602559
755270495
216204516
655231337
800314808
242153431
361289247
768470636
697514931
164950171
595192544
218234205
633970237
137215670
624834800
933051261
365936692
268559406
533647777
882457931
709006791
990678741
347430354
730092624
578095035
316052632
375700053
820111728
236412116
986818997
136134540
657040898
47330439
64876066
272290303
794819498
240826605
338708383
429856084
58100411
721906313
102850217
925413922
300122590
154552023
914041032
864625315
968922032
11033567
150191297
647311186
595992033
507822758
482446364
132785110
58896665
208264487
364054387
354975351
236878057
308353735
951994034
697608484
292297775
772929105
704446743
707818799
555151015
411395020
343965917
933896047
758457066
207920034
845295146
242477284
470476974
984842551
661215380
481038734
537561650
126040864
749317626
62608608
217486533
587689791
160018952
528038625
984511789
419705276
149438258
529792272
716536718
632643309
582623495
722588272
435188899
836551932
992980232
87364695
273562941
455469693
836401621
608367747
808695859
108851157
220208239
448603965
570593207
712835254
887713366
143874192
902086976
781521938
66775485
952935341
418468489
98760535
638270593
621483964
807269271
389784966
641955778
498095812
711004403
181698102
669389015
986438688
949921342
857027824
190484775
674819537
503506994
75563280
969351325
627779050
789961983
237607555
779169192
296368598
488762248
529246533
634217386
204157341
421257901
215216781
194852601
602324193
28441045
184501799
727364775
124502960
960342541
460393693
617750951
591707061
349772379
172020589
292526700
610573231
427469670
26284002
179942674
32444427
83766932
984986244
21679940
143468977
713698265
62250573
283827886
123463296
882446780
20207781
235909170
106494372
786941325
625645880
627251298
84212488
498185849
571011045
433093694
914332934
566096379
870022617
780581991
606422932
780216797
526699317
309862365
356405001
99909620
837567604
780097975
61832759
754678127
348685585
546922716
866482208
932911703
408398512
646353781
810639356
502517396
901848474
767904334
833420851
838171079
406694486
453801116
630656482
977962741
786788715
207626208
864359196
228530287
689802304
626852255
459887660
716754539
749605034
275103165
470823091
619000352
693385737
976222275
578603242
219661694
287710142
308440302
567782847
740073263
69148314
349595134
598030729
72553050
394528448
121715671
218681045
87730706
824822397
445099417
46358015
860189186
491594932
261274846
412691316
224404140
174289525
647402783
688851808
330130341
727697870
83716292
252633535
722828584
884463557
138341739
687926336
524913201
757221688
855575560
949946821
124384340
432200588
755314632
114997229
920734565
350727861
131264761
338580765
343305942
145100146
564013716
97789714
966355641
37570531
817057188
384725936
877833048
450921978
690345038
387303892
908504348
742157543
151168674
59396525
765934043
129529489
940960025
743372099
878317873
939489746
44714499
465782911
642384411
111640604
296917337
108673763
34655828
749508351
258574428
622477033
152461551
351039165
818945192
317951637
894463773
644806988
372276461
847712215
849901215
843216425
956282754
639042947
566246208
535946954
579589384
950577806
694224252
722308698
327905462
419683794
413284224
444989458
963568496
949509823
957705156
41326122
184238687
697640639
534526108
61751276
876801361
944242041
925315856
155787050
75537040
379933870
188183418
108645026
403750197
984170571
961353452
190511015
981931854
662016370
743862204
215116756
641499063
281599753
239651998
512466617
138081748
322124986
802453278
564329730
577196337
892326994
162256672
446058091
596188389
823140480
729365151
936993384
691380288
950426043
630730680
156574662
908053296
426335216
170539455
315933330
618316720
785039203
963167437
868448620
135452636
225645502
749798242
230040797
810183019
267264520
256563521
315741055
358853901
141179864
331109805
989454180
832982120
493504675
122315358
89382428
58635652
621592265
443402885
270769341
53045510
243838623
789888324
454640123
573628117
738258249
728173349
359246620
90832875
436627471
102416515
435127066
159019854
443761403
564738085
684801177
941872982
194127173
20538684
577072484
452918876
278058680
271637060
325287814
630761901
770951092
152854961
844027353
300937830
682559890
440354599
421384521
852761742
865295004
318855096
920284328
627687593
890453467
703167574
356059440
852772185
750221561
673410517
290930366
849064154
296717392
965557451
54429894
393515373
560402278
576103439
598945027
648688557
716848543
580994589
928516350
80496688
613869865
930269618
295576060
56260460
354172231
558114470
386182109
502036489
856499793
240496529
39419053
74323219
980090499
57704012
885050027
931412328
982592486
954380190
86665273
121749386
659649564
203526559
641240335
531579332
249541599
782550038
685706698
317340532
772601677
904181003
68429878
715641547
980008290
137578667
528447612
886108188
730748110
655131275
742954469
826030327
580883129
27194825
809174642
45980690
75368840
403202898
180574260
515651431
80859077
838828748
555568403
41531173
741254035
127122867
407381394
832316805
564520617
770437836
624479331
17965001
84800788
500557093
19290162
27619944
303663738
847204848
668769833
323197347
168403835
874533956
94610846
528639646
634117233
246303680
215312564
272406247
638582008
866170033
591209470
534806083
805579646
722490306
973684338
35604073
317950713
15767981
507956177
18531305
10815049
90495177
577187628
353317571
389798130
982054601
296310621
182336911
83580029
385510892
870957747
824226857
921758757
891094393
659657406
521747877
552314532
52133499
250615697
755397918
467486636
406920480
578972055
654197609
328266849
978691828
869075547
617847441
538398738
477628206
69197772
523083910
495002395
319269814
659604448
727050908
846217418
234665940
591369427
518095273
126004997
404432223
941008899
683423629
749834425
930486955
393041900
154437676
720570132
841099181
80964489
459877845
606555747
393367740
79053586
186111616
715910029
73381926
669805324
829999747
697692633
648094388
277799706
259036806
262027717
615089124
130658181
483067481
353116275
109792928
557691412
346724120
936462095
201796557
530494384
93138456
18032709
818025812
364645612
951968462
967451144
785466226
864229990
379662504
921223231
434433799
812243759
14517486
497684596
910903137
950076655
584255831
363409818
451538869
379254816
815477472
685934853
916054727
22596951
528883557
687069346
595535175
149081786
246587957
973537037
179051896
295799567
788074295
688170417
30324840
387750822
827912555
639696864
479367797
890698437
866717421
899852551
179394587
183435057
677485853
194928372
384313028
18500842
873931649
59703901
885259701
271859502
499640367
424431266
984821986
89579486
45510881
471063806
179262747
231115822
313188931
75902056
870334010
651063788
261791772
767292037
28995920
845457406
596459797
269323846
131102187
304992962
970494017
152064028
636002449
964167095
575330754
897919736
971316170
545867667
560703899
430916887
674069067
323771635
896336775
118390751
794532709
638939675
51116509
993857667
99585756
74756293
117006136
706807731
814577477
618016702
40205921
479501481
323223808
440559731
211791044
774736329
439872935
133205796
287030206
783010219
971026135
34634044
372297759
487462243
490975947
344312541
712047805
580631583
707743230
870313640
429914722
764290699
589009185
464881120
470182198
335184840
873419805
981258434
319046926
456897101
257385030
772428637
37140224
344724040
604998115
360898004
92597835
955374843
377588092
332697383
519303199
987663022
533094858
66435978
732699310
433954160
489752365
380236608
561889236
820881537
247057360
341503128
538662297
280103948
357188882
990205120
107649767
912917086
812316951
956937741
333756078
978421784
853549484
488206426
171456065
277999370
276467140
817162264
617281494
959719256
327903992
858423136
650475936
929448039
617543813
126736660
133490018
871206336
903255821
654674244
922407804
72824741
617908147
903026353
985614787
626754311
987417038
537109111
417745472
872576048
231236351
530659534
283704326
515831684
253754766
822482345
381365879
129843982
404333706
927922696
453564724
62294536
911467463
848650532
442341651
917205224
138434252
665076316
843896995
289129509
280437264
909745358
119046944
542152066
447910334
370581866
309153109
551624284
560982832
47023624
351132417
462800387
363525240
653053132
938276393
677665433
269573556
275274323
980648946
434062551
11615996
484087967
763305374
293858067
143572894
77166032
183427200
636432785
245528404
915934760
29492931
882423992
156545980
738939540
396767168
768521828
850564620
891065600
161981991
837530286
757682428
756498985
688285574
37603054
536263425
766279752
894897576
388624762
650465511
573622741
436401438
777725671
943762536
838058294
408707598
992199176
833285291
86405897
169820074
367762005
192731727
717251927
452848166
458415245
707284878
823059849
596325050
648697508
735075595
880042201
437403429
336131206
423845522
547745178
961554080
186231232
265793850
167429032
702644138
368844373
355757682
783178891
140098327
940670794
228054185
599403612
576516765
61533715
238254437
861838389
140710992
372340074
775824680
318164464
662626509
202598662
206549317
590170943
100855819
224748023
532804122
241388898
38951710
572147051
71784184
81721413
550992986
764991021
685336059
130123991
654232100
34558058
326517669
912755140
539296260
43144877
423541060
812899373
27330451
187734316
525489430
105664603
918442013
988368547
762069383
435358053
704341546
888513921
624747537
240157910
834617284
219533586
334476060
188036936
669695394
561534302
976121342
269326078
319120213
226672602
915134974
328791754
370863131
342972394
48224395
330293558
67960540
25065650
688457873
47580725
847076763
268520929
970352696
216666399
464390923
229897660
955216551
248831168
995403208
907012423
617954330
159375033
475913131
78627056
651854516
973180084
848704843
207286342
454149230
773371540
757087190
614034100
935825996
274800641
982299052
78665370
87373131
576011782
308502211
168062430
626402199
502624076
789642019
178091505
336172339
197762499
493518444
137744868
505042840
171421716
287783072
230320323
82659150
512962804
644666375
870126521
332680479
856895674
115210558
177273036
995361129
358492410
435888018
830570944
110127938
345904458
360140111
890698238
222286604
579949807
109942880
752890334
62769338
170517179
941219146
283823795
363492065
979016620
768113448
573663345
606519559
33753297
817411046
935547279
858870209
809308243
283817304
223565388
524592047
909718623
884944827
468910065
867481848
408373565
789565888
468805229
642471491
794313604
249085014
320693221
245671535
773486082
18624040
726881593
104872005
113802159
965909013
31934436
989468820
22476248
662884862
442883607
773265862
247913522
339286617
85047274
497513059
288344830
731614948
96695736
285270590
86560713
360056853
737504617
943084156
609056014
712912827
465867740
912653409
482427407
718971521
361559587
149600972
450371086
61098394
676793491
361100720
353121805
55290334
383517152
610848076
57748971
231082686
424645433
917810232
112672586
113043991
64503068
969186888
685566000
104265118
100389524
790164945
63230211
412305147
394481288
839359028
41173154
614273905
816188283
108593720
845694467
413141612
894168052
388280721
848987994
935676140
635495807
35021643
916684691
699772980
792297122
253858119
241930806
722976542
570471741
420749699
527677006
587733782
147139741
368181616
901559195
600858058
973146565
493858518
396122657
855508202
509003546
194248282
817462105
938766314
177870770
446958397
