838171079
406694486
453801116
630656482
977962741
786788715
207626208
864359196
228530287
689802304
626852255
459887660
716754539
749605034
275103165
470823091
619000352
693385737
976222275
578603242
219661694
287710142
308440302
567782847
740073263
69148314
349595134
598030729
72553050
394528448
121715671
218681045
87730706
824822397
445099417
46358015
860189186
491594932
261274846
412691316
224404140
174289525
647402783
688851808
330130341
727697870
83716292
252633535
722828584
884463557
138341739
687926336
524913201
757221688
855575560
949946821
124384340
432200588
755314632
114997229
920734565
350727861
131264761
338580765
343305942
145100146
564013716
97789714
966355641
37570531
817057188
384725936
877833048
450921978
690345038
387303892
908504348
742157543
151168674
59396525
765934043
129529489
940960025
743372099
878317873
939489746
44714499
465782911
642384411
111640604
296917337
108673763
34655828
749508351
258574428
622477033
152461551
351039165
818945192
317951637
